{"contracts/AgendaNFT.sol":{"l":{"18":0,"19":0,"20":0,"24":0,"26":0,"28":0,"29":0,"30":0,"31":0,"32":0,"34":0,"35":0,"36":0,"37":0,"38":0,"40":0,"42":0,"49":0,"55":0,"56":0,"57":0},"path":"/Users/nodias/Documents/workspace/solidity/klaytn-hardhat-example/contracts/AgendaNFT.sol","s":{"1":0,"2":0,"3":0,"4":0,"5":0,"6":0,"7":0,"8":0,"9":0,"10":0,"11":0,"12":0,"13":0,"14":0,"15":0,"16":0,"17":0,"18":0,"19":0,"20":0,"21":0},"b":{"1":[0,0]},"f":{"1":0,"2":0,"3":0,"4":0},"fnMap":{"1":{"name":"constructor","line":14,"loc":{"start":{"line":12,"column":4},"end":{"line":15,"column":5}}},"2":{"name":"uri","line":17,"loc":{"start":{"line":17,"column":4},"end":{"line":46,"column":4}}},"3":{"name":"mint","line":48,"loc":{"start":{"line":48,"column":4},"end":{"line":50,"column":4}}},"4":{"name":"transferMany","line":52,"loc":{"start":{"line":52,"column":4},"end":{"line":59,"column":4}}}},"statementMap":{"1":{"start":{"line":18,"column":8},"end":{"line":18,"column":34}},"2":{"start":{"line":19,"column":8},"end":{"line":19,"column":645}},"3":{"start":{"line":20,"column":12},"end":{"line":20,"column":747}},"4":{"start":{"line":24,"column":8},"end":{"line":24,"column":860}},"5":{"start":{"line":26,"column":8},"end":{"line":26,"column":27}},"6":{"start":{"line":28,"column":8},"end":{"line":28,"column":30}},"7":{"start":{"line":29,"column":8},"end":{"line":29,"column":22}},"8":{"start":{"line":30,"column":8},"end":{"line":30,"column":971}},"9":{"start":{"line":31,"column":12},"end":{"line":31,"column":22}},"10":{"start":{"line":32,"column":12},"end":{"line":32,"column":21}},"11":{"start":{"line":34,"column":8},"end":{"line":34,"column":47}},"12":{"start":{"line":35,"column":8},"end":{"line":35,"column":1107}},"13":{"start":{"line":36,"column":12},"end":{"line":36,"column":22}},"14":{"start":{"line":37,"column":12},"end":{"line":37,"column":69}},"15":{"start":{"line":38,"column":12},"end":{"line":38,"column":24}},"16":{"start":{"line":40,"column":8},"end":{"line":40,"column":29}},"17":{"start":{"line":42,"column":8},"end":{"line":42,"column":1317}},"18":{"start":{"line":49,"column":8},"end":{"line":49,"column":40}},"19":{"start":{"line":55,"column":8},"end":{"line":55,"column":35}},"20":{"start":{"line":56,"column":8},"end":{"line":56,"column":1706}},"21":{"start":{"line":57,"column":12},"end":{"line":57,"column":62}}},"branchMap":{"1":{"line":19,"type":"if","locations":[{"start":{"line":19,"column":8},"end":{"line":19,"column":8}},{"start":{"line":19,"column":8},"end":{"line":19,"column":8}}]}}},"contracts/Brag.sol":{"l":{"16":6},"path":"/Users/nodias/Documents/workspace/solidity/klaytn-hardhat-example/contracts/Brag.sol","s":{"1":6},"b":{},"f":{"1":6},"fnMap":{"1":{"name":"constructor","line":15,"loc":{"start":{"line":15,"column":4},"end":{"line":17,"column":4}}}},"statementMap":{"1":{"start":{"line":16,"column":8},"end":{"line":16,"column":54}}},"branchMap":{}},"contracts/GatherSYL.sol":{"l":{"22":1,"23":1,"24":1,"25":1,"26":1,"27":1,"28":1,"33":2,"34":2,"35":2,"36":2,"37":2,"42":1,"43":1,"44":1,"51":1,"52":1,"53":1,"54":6,"55":4,"57":2,"63":2,"67":12,"71":12},"path":"/Users/nodias/Documents/workspace/solidity/klaytn-hardhat-example/contracts/GatherSYL.sol","s":{"1":1,"2":1,"3":1,"4":1,"5":1,"6":1,"7":1,"8":2,"9":2,"10":2,"11":2,"12":2,"13":1,"14":1,"15":1,"16":1,"17":1,"18":6,"19":4,"20":2,"21":2,"22":12,"23":12},"b":{"1":[1,0],"2":[1,0],"3":[1,0],"4":[2,0],"5":[2,0],"6":[2,0],"7":[1,0],"8":[4,2]},"f":{"1":6,"2":1,"3":2,"4":1,"5":2,"6":12,"7":12},"fnMap":{"1":{"name":"","line":18,"loc":{"start":{"line":18,"column":4},"end":{"line":18,"column":33}}},"2":{"name":"staking","line":21,"loc":{"start":{"line":21,"column":4},"end":{"line":29,"column":4}}},"3":{"name":"withdraw","line":32,"loc":{"start":{"line":32,"column":4},"end":{"line":47,"column":4}}},"4":{"name":"distributionToken","line":50,"loc":{"start":{"line":50,"column":4},"end":{"line":60,"column":4}}},"5":{"name":"addNftAllowed","line":62,"loc":{"start":{"line":62,"column":4},"end":{"line":64,"column":4}}},"6":{"name":"addStakeAllowed","line":66,"loc":{"start":{"line":66,"column":4},"end":{"line":68,"column":4}}},"7":{"name":"addDistributeNum","line":70,"loc":{"start":{"line":70,"column":4},"end":{"line":72,"column":4}}}},"statementMap":{"1":{"start":{"line":22,"column":8},"end":{"line":22,"column":33}},"2":{"start":{"line":23,"column":8},"end":{"line":23,"column":40}},"3":{"start":{"line":24,"column":8},"end":{"line":24,"column":55}},"4":{"start":{"line":25,"column":8},"end":{"line":25,"column":63}},"5":{"start":{"line":26,"column":8},"end":{"line":26,"column":40}},"6":{"start":{"line":27,"column":8},"end":{"line":27,"column":59}},"7":{"start":{"line":28,"column":8},"end":{"line":28,"column":48}},"8":{"start":{"line":33,"column":8},"end":{"line":33,"column":33}},"9":{"start":{"line":34,"column":8},"end":{"line":34,"column":40}},"10":{"start":{"line":35,"column":8},"end":{"line":35,"column":55}},"11":{"start":{"line":36,"column":8},"end":{"line":36,"column":66}},"12":{"start":{"line":37,"column":8},"end":{"line":37,"column":1449}},"13":{"start":{"line":42,"column":12},"end":{"line":42,"column":1588}},"14":{"start":{"line":44,"column":16},"end":{"line":44,"column":67}},"15":{"start":{"line":51,"column":8},"end":{"line":51,"column":35}},"16":{"start":{"line":52,"column":8},"end":{"line":52,"column":63}},"17":{"start":{"line":53,"column":8},"end":{"line":53,"column":1977}},"18":{"start":{"line":54,"column":12},"end":{"line":54,"column":2036}},"19":{"start":{"line":55,"column":16},"end":{"line":55,"column":62}},"20":{"start":{"line":57,"column":16},"end":{"line":57,"column":62}},"21":{"start":{"line":63,"column":8},"end":{"line":63,"column":30}},"22":{"start":{"line":67,"column":8},"end":{"line":67,"column":36}},"23":{"start":{"line":71,"column":8},"end":{"line":71,"column":35}}},"branchMap":{"1":{"line":22,"type":"if","locations":[{"start":{"line":22,"column":8},"end":{"line":22,"column":8}},{"start":{"line":22,"column":8},"end":{"line":22,"column":8}}]},"2":{"line":23,"type":"if","locations":[{"start":{"line":23,"column":8},"end":{"line":23,"column":8}},{"start":{"line":23,"column":8},"end":{"line":23,"column":8}}]},"3":{"line":25,"type":"if","locations":[{"start":{"line":25,"column":8},"end":{"line":25,"column":8}},{"start":{"line":25,"column":8},"end":{"line":25,"column":8}}]},"4":{"line":33,"type":"if","locations":[{"start":{"line":33,"column":8},"end":{"line":33,"column":8}},{"start":{"line":33,"column":8},"end":{"line":33,"column":8}}]},"5":{"line":34,"type":"if","locations":[{"start":{"line":34,"column":8},"end":{"line":34,"column":8}},{"start":{"line":34,"column":8},"end":{"line":34,"column":8}}]},"6":{"line":36,"type":"if","locations":[{"start":{"line":36,"column":8},"end":{"line":36,"column":8}},{"start":{"line":36,"column":8},"end":{"line":36,"column":8}}]},"7":{"line":42,"type":"if","locations":[{"start":{"line":42,"column":12},"end":{"line":42,"column":12}},{"start":{"line":42,"column":12},"end":{"line":42,"column":12}}]},"8":{"line":54,"type":"if","locations":[{"start":{"line":54,"column":12},"end":{"line":54,"column":12}},{"start":{"line":54,"column":12},"end":{"line":54,"column":12}}]}}},"contracts/V1.sol":{"l":{"76":6,"85":0,"100":36,"101":36,"115":12,"116":12,"118":12,"131":4,"146":4,"147":4,"149":4,"165":0,"166":0,"169":0,"170":0,"172":0,"187":0,"205":0,"206":0,"209":0,"224":0,"241":0,"242":0,"262":0,"264":0,"265":0,"291":6,"295":62,"299":2,"346":6,"355":6,"357":6,"366":9,"367":9,"369":9,"381":1,"382":1,"384":1,"388":1,"389":1,"399":1,"401":1,"411":0,"413":0,"414":0,"424":0,"437":2,"439":2,"454":0,"470":0,"471":0,"480":63,"481":63,"492":2,"493":2,"494":2,"504":60,"505":60,"507":60,"508":60,"510":60,"521":0,"523":0,"525":0,"526":0,"528":0,"537":0,"548":2,"549":2,"551":2,"553":2,"554":2,"556":2,"558":2,"575":0,"576":0,"578":0,"579":0,"583":0,"586":0,"587":0,"590":0,"593":0,"594":0,"597":0,"605":2,"606":1,"645":6,"655":0,"656":0,"664":1,"674":1,"675":1,"686":2,"688":2,"690":2,"700":60,"702":60,"704":60,"715":0,"717":0,"719":0,"721":0,"730":0,"739":62,"740":62,"748":60,"749":60,"764":2,"765":2,"768":2,"769":1,"771":1,"772":1,"776":2,"791":0,"792":0,"797":0,"799":0,"800":0,"803":0,"804":0,"837":6,"838":6,"841":6,"842":6,"846":0,"854":0,"862":0,"871":0,"872":0,"874":0,"880":0,"881":0,"883":0,"884":0,"886":0,"887":0,"888":0,"890":0,"891":0,"893":0,"894":0,"895":0,"897":0,"909":0,"930":6,"939":0,"940":0,"954":6,"955":6,"962":0,"963":0,"971":6,"972":6,"985":6,"989":0,"990":0,"994":0,"998":0,"1002":0,"1006":6,"1007":6,"1011":0,"1012":0,"1034":6,"1041":0,"1048":3,"1049":3,"1056":0,"1057":0,"1064":0,"1065":0,"1072":0,"1073":0,"1095":6,"1099":1,"1103":0,"1107":2,"1120":6,"1123":12,"1124":12,"1127":12,"1130":0,"1131":0,"1135":6,"1136":6,"1137":6,"1149":0,"1153":0,"1157":12,"1158":12,"1159":60,"1160":60,"1165":0,"1166":0,"1167":0,"1171":0,"1172":0,"1174":0,"1175":0,"1176":0,"1177":0,"1183":0,"1184":0},"path":"/Users/nodias/Documents/workspace/solidity/klaytn-hardhat-example/contracts/V1.sol","s":{"1":6,"2":0,"3":36,"4":36,"5":12,"6":12,"7":12,"8":4,"9":4,"10":4,"11":4,"12":0,"13":0,"14":0,"15":0,"16":0,"17":0,"18":0,"19":0,"20":0,"21":0,"22":0,"23":0,"24":0,"25":0,"26":6,"27":62,"28":2,"29":6,"30":6,"31":6,"32":9,"33":9,"34":9,"35":1,"36":1,"37":1,"38":1,"39":1,"40":1,"41":1,"42":0,"43":0,"44":0,"45":0,"46":2,"47":2,"48":0,"49":0,"50":0,"51":63,"52":63,"53":2,"54":2,"55":2,"56":60,"57":60,"58":60,"59":60,"60":60,"61":0,"62":0,"63":0,"64":0,"65":0,"66":0,"67":2,"68":2,"69":2,"70":2,"71":2,"72":2,"73":2,"74":0,"75":0,"76":0,"77":0,"78":0,"79":0,"80":0,"81":0,"82":0,"83":0,"84":0,"85":2,"86":1,"87":6,"88":0,"89":0,"90":1,"91":1,"92":1,"93":2,"94":2,"95":2,"96":60,"97":60,"98":60,"99":0,"100":0,"101":0,"102":0,"103":0,"104":62,"105":62,"106":60,"107":60,"108":2,"109":2,"110":2,"111":1,"112":1,"113":1,"114":0,"115":0,"116":0,"117":0,"118":0,"119":0,"120":6,"121":6,"122":6,"123":6,"124":0,"125":0,"126":0,"127":0,"128":0,"129":0,"130":0,"131":0,"132":0,"133":0,"134":0,"135":0,"136":0,"137":0,"138":0,"139":0,"140":0,"141":0,"142":0,"143":6,"144":0,"145":0,"146":6,"147":6,"148":0,"149":0,"150":6,"151":6,"152":6,"153":0,"154":0,"155":0,"156":0,"157":6,"158":6,"159":0,"160":0,"161":6,"162":0,"163":3,"164":0,"165":0,"166":0,"167":0,"168":0,"169":6,"170":1,"171":0,"172":2,"173":6,"174":12,"175":12,"176":0,"177":0,"178":6,"179":6,"180":6,"181":0,"182":0,"183":12,"184":12,"185":60,"186":0,"187":0,"188":0,"189":0,"190":0,"191":0,"192":0,"193":0,"194":0},"b":{"1":[36,0],"2":[12,0],"3":[4,0],"4":[0,0],"5":[0,0],"6":[0,0],"7":[0,0],"8":[6,0],"9":[9,0],"10":[1,0],"11":[1,0],"12":[1,0],"13":[0,0],"14":[2,0],"15":[0,0],"16":[2,0],"17":[60,0],"18":[60,0],"19":[0,0],"20":[2,0],"21":[2,0],"22":[0,0],"23":[0,0],"24":[0,0],"25":[1,1],"26":[0,0],"27":[1,0],"28":[1,1],"29":[0,0],"30":[0,0],"31":[0,0],"32":[6,0],"33":[0,0],"34":[6,0],"35":[0,0],"36":[3,0],"37":[0,0],"38":[12,0],"39":[0,0],"40":[12,0],"41":[0,0],"42":[0,0],"43":[0,0],"44":[0,0]},"f":{"1":6,"2":0,"3":36,"4":12,"5":4,"6":4,"7":0,"8":0,"9":0,"10":0,"11":0,"12":0,"13":6,"14":62,"15":2,"16":6,"17":6,"18":9,"19":1,"20":1,"21":0,"22":0,"23":2,"24":0,"25":0,"26":63,"27":2,"28":60,"29":0,"30":0,"31":2,"32":0,"33":2,"34":6,"35":0,"36":1,"37":1,"38":2,"39":60,"40":0,"41":0,"42":62,"43":60,"44":2,"45":0,"46":6,"47":0,"48":0,"49":0,"50":0,"51":0,"52":0,"53":6,"54":6,"55":0,"56":6,"57":0,"58":6,"59":6,"60":0,"61":0,"62":0,"63":0,"64":6,"65":0,"66":6,"67":0,"68":3,"69":0,"70":0,"71":0,"72":6,"73":1,"74":0,"75":2,"76":6,"77":6,"78":12,"79":12,"80":0,"81":6,"82":0,"83":0,"84":12,"85":0,"86":0,"87":0},"fnMap":{"1":{"name":"constructor","line":73,"loc":{"start":{"line":73,"column":4},"end":{"line":77,"column":4}}},"2":{"name":"supportsInterface","line":84,"loc":{"start":{"line":84,"column":4},"end":{"line":86,"column":4}}},"3":{"name":"_registerInterface","line":99,"loc":{"start":{"line":99,"column":4},"end":{"line":102,"column":4}}},"4":{"name":"add","line":114,"loc":{"start":{"line":114,"column":4},"end":{"line":119,"column":4}}},"5":{"name":"sub","line":130,"loc":{"start":{"line":130,"column":4},"end":{"line":132,"column":4}}},"6":{"name":"sub","line":145,"loc":{"start":{"line":145,"column":4},"end":{"line":150,"column":4}}},"7":{"name":"mul","line":161,"loc":{"start":{"line":161,"column":4},"end":{"line":173,"column":4}}},"8":{"name":"div","line":186,"loc":{"start":{"line":186,"column":4},"end":{"line":188,"column":4}}},"9":{"name":"div","line":203,"loc":{"start":{"line":203,"column":4},"end":{"line":210,"column":4}}},"10":{"name":"mod","line":223,"loc":{"start":{"line":223,"column":4},"end":{"line":225,"column":4}}},"11":{"name":"mod","line":240,"loc":{"start":{"line":240,"column":4},"end":{"line":243,"column":4}}},"12":{"name":"isContract","line":257,"loc":{"start":{"line":257,"column":4},"end":{"line":266,"column":4}}},"13":{"name":"current","line":290,"loc":{"start":{"line":290,"column":4},"end":{"line":292,"column":4}}},"14":{"name":"increment","line":294,"loc":{"start":{"line":294,"column":4},"end":{"line":296,"column":4}}},"15":{"name":"decrement","line":298,"loc":{"start":{"line":298,"column":4},"end":{"line":300,"column":4}}},"16":{"name":"constructor","line":344,"loc":{"start":{"line":344,"column":4},"end":{"line":347,"column":4}}},"17":{"name":"balanceOf","line":354,"loc":{"start":{"line":354,"column":4},"end":{"line":358,"column":4}}},"18":{"name":"ownerOf","line":365,"loc":{"start":{"line":365,"column":4},"end":{"line":370,"column":4}}},"19":{"name":"approve","line":380,"loc":{"start":{"line":380,"column":4},"end":{"line":390,"column":4}}},"20":{"name":"getApproved","line":398,"loc":{"start":{"line":398,"column":4},"end":{"line":402,"column":4}}},"21":{"name":"setApprovalForAll","line":410,"loc":{"start":{"line":410,"column":4},"end":{"line":415,"column":4}}},"22":{"name":"isApprovedForAll","line":423,"loc":{"start":{"line":423,"column":4},"end":{"line":425,"column":4}}},"23":{"name":"transferFrom","line":435,"loc":{"start":{"line":435,"column":4},"end":{"line":440,"column":4}}},"24":{"name":"safeTransferFrom","line":453,"loc":{"start":{"line":453,"column":4},"end":{"line":455,"column":4}}},"25":{"name":"safeTransferFrom","line":469,"loc":{"start":{"line":469,"column":4},"end":{"line":472,"column":4}}},"26":{"name":"_exists","line":479,"loc":{"start":{"line":479,"column":4},"end":{"line":482,"column":4}}},"27":{"name":"_isApprovedOrOwner","line":491,"loc":{"start":{"line":491,"column":4},"end":{"line":495,"column":4}}},"28":{"name":"_mint","line":503,"loc":{"start":{"line":503,"column":4},"end":{"line":511,"column":4}}},"29":{"name":"_burn","line":520,"loc":{"start":{"line":520,"column":4},"end":{"line":529,"column":4}}},"30":{"name":"_burn","line":536,"loc":{"start":{"line":536,"column":4},"end":{"line":538,"column":4}}},"31":{"name":"_transferFrom","line":547,"loc":{"start":{"line":547,"column":4},"end":{"line":559,"column":4}}},"32":{"name":"_checkOnKIP17Received","line":572,"loc":{"start":{"line":572,"column":4},"end":{"line":598,"column":4}}},"33":{"name":"_clearApproval","line":604,"loc":{"start":{"line":604,"column":4},"end":{"line":608,"column":4}}},"34":{"name":"constructor","line":643,"loc":{"start":{"line":643,"column":4},"end":{"line":646,"column":4}}},"35":{"name":"tokenOfOwnerByIndex","line":654,"loc":{"start":{"line":654,"column":4},"end":{"line":657,"column":4}}},"36":{"name":"totalSupply","line":663,"loc":{"start":{"line":663,"column":4},"end":{"line":665,"column":4}}},"37":{"name":"tokenByIndex","line":673,"loc":{"start":{"line":673,"column":4},"end":{"line":676,"column":4}}},"38":{"name":"_transferFrom","line":685,"loc":{"start":{"line":685,"column":4},"end":{"line":691,"column":4}}},"39":{"name":"_mint","line":699,"loc":{"start":{"line":699,"column":4},"end":{"line":705,"column":4}}},"40":{"name":"_burn","line":714,"loc":{"start":{"line":714,"column":4},"end":{"line":722,"column":4}}},"41":{"name":"_tokensOfOwner","line":729,"loc":{"start":{"line":729,"column":4},"end":{"line":731,"column":4}}},"42":{"name":"_addTokenToOwnerEnumeration","line":738,"loc":{"start":{"line":738,"column":4},"end":{"line":741,"column":4}}},"43":{"name":"_addTokenToAllTokensEnumeration","line":747,"loc":{"start":{"line":747,"column":4},"end":{"line":750,"column":4}}},"44":{"name":"_removeTokenFromOwnerEnumeration","line":760,"loc":{"start":{"line":760,"column":4},"end":{"line":780,"column":4}}},"45":{"name":"_removeTokenFromAllTokensEnumeration","line":787,"loc":{"start":{"line":787,"column":4},"end":{"line":805,"column":4}}},"46":{"name":"constructor","line":836,"loc":{"start":{"line":836,"column":4},"end":{"line":843,"column":4}}},"47":{"name":"_setBaseUri","line":845,"loc":{"start":{"line":845,"column":4},"end":{"line":847,"column":4}}},"48":{"name":"name","line":853,"loc":{"start":{"line":853,"column":4},"end":{"line":855,"column":4}}},"49":{"name":"symbol","line":861,"loc":{"start":{"line":861,"column":4},"end":{"line":863,"column":4}}},"50":{"name":"tokenURI","line":870,"loc":{"start":{"line":870,"column":4},"end":{"line":875,"column":4}}},"51":{"name":"integerToString","line":877,"loc":{"start":{"line":877,"column":4},"end":{"line":898,"column":4}}},"52":{"name":"_burn","line":908,"loc":{"start":{"line":908,"column":4},"end":{"line":910,"column":4}}},"53":{"name":"constructor","line":913,"loc":{"start":{"line":913,"column":4},"end":{"line":915,"column":4}}},"54":{"name":"constructor","line":928,"loc":{"start":{"line":928,"column":4},"end":{"line":931,"column":4}}},"55":{"name":"burn","line":937,"loc":{"start":{"line":937,"column":4},"end":{"line":941,"column":4}}},"56":{"name":"add","line":953,"loc":{"start":{"line":953,"column":4},"end":{"line":956,"column":4}}},"57":{"name":"remove","line":961,"loc":{"start":{"line":961,"column":4},"end":{"line":964,"column":4}}},"58":{"name":"has","line":970,"loc":{"start":{"line":970,"column":4},"end":{"line":973,"column":4}}},"59":{"name":"constructor","line":984,"loc":{"start":{"line":984,"column":4},"end":{"line":986,"column":4}}},"60":{"name":"onlyPauser","line":988,"loc":{"start":{"line":988,"column":4},"end":{"line":991,"column":4}}},"61":{"name":"isPauser","line":993,"loc":{"start":{"line":993,"column":4},"end":{"line":995,"column":4}}},"62":{"name":"addPauser","line":997,"loc":{"start":{"line":997,"column":4},"end":{"line":999,"column":4}}},"63":{"name":"renouncePauser","line":1001,"loc":{"start":{"line":1001,"column":4},"end":{"line":1003,"column":4}}},"64":{"name":"_addPauser","line":1005,"loc":{"start":{"line":1005,"column":4},"end":{"line":1008,"column":4}}},"65":{"name":"_removePauser","line":1010,"loc":{"start":{"line":1010,"column":4},"end":{"line":1013,"column":4}}},"66":{"name":"constructor","line":1033,"loc":{"start":{"line":1033,"column":4},"end":{"line":1035,"column":4}}},"67":{"name":"paused","line":1040,"loc":{"start":{"line":1040,"column":4},"end":{"line":1042,"column":4}}},"68":{"name":"whenNotPaused","line":1047,"loc":{"start":{"line":1047,"column":4},"end":{"line":1050,"column":4}}},"69":{"name":"whenPaused","line":1055,"loc":{"start":{"line":1055,"column":4},"end":{"line":1058,"column":4}}},"70":{"name":"pause","line":1063,"loc":{"start":{"line":1063,"column":4},"end":{"line":1066,"column":4}}},"71":{"name":"unpause","line":1071,"loc":{"start":{"line":1071,"column":4},"end":{"line":1074,"column":4}}},"72":{"name":"constructor","line":1093,"loc":{"start":{"line":1093,"column":4},"end":{"line":1096,"column":4}}},"73":{"name":"approve","line":1098,"loc":{"start":{"line":1098,"column":4},"end":{"line":1100,"column":4}}},"74":{"name":"setApprovalForAll","line":1102,"loc":{"start":{"line":1102,"column":4},"end":{"line":1104,"column":4}}},"75":{"name":"transferFrom","line":1106,"loc":{"start":{"line":1106,"column":4},"end":{"line":1108,"column":4}}},"76":{"name":"constructor","line":1112,"loc":{"start":{"line":1112,"column":4},"end":{"line":1113,"column":4}}},"77":{"name":"constructor","line":1119,"loc":{"start":{"line":1119,"column":4},"end":{"line":1121,"column":4}}},"78":{"name":"onlyOwner","line":1122,"loc":{"start":{"line":1122,"column":4},"end":{"line":1125,"column":4}}},"79":{"name":"owner","line":1126,"loc":{"start":{"line":1126,"column":4},"end":{"line":1128,"column":4}}},"80":{"name":"transferOwnership","line":1129,"loc":{"start":{"line":1129,"column":4},"end":{"line":1132,"column":4}}},"81":{"name":"_setOwner","line":1134,"loc":{"start":{"line":1134,"column":4},"end":{"line":1138,"column":4}}},"82":{"name":"setBaseURI","line":1148,"loc":{"start":{"line":1148,"column":4},"end":{"line":1150,"column":4}}},"83":{"name":"setMintPrice","line":1152,"loc":{"start":{"line":1152,"column":4},"end":{"line":1154,"column":4}}},"84":{"name":"mintBatch","line":1156,"loc":{"start":{"line":1156,"column":4},"end":{"line":1162,"column":4}}},"85":{"name":"mintOne","line":1164,"loc":{"start":{"line":1164,"column":4},"end":{"line":1168,"column":4}}},"86":{"name":"mintPublic","line":1170,"loc":{"start":{"line":1170,"column":4},"end":{"line":1180,"column":4}}},"87":{"name":"withdraw","line":1182,"loc":{"start":{"line":1182,"column":4},"end":{"line":1185,"column":4}}}},"statementMap":{"1":{"start":{"line":76,"column":8},"end":{"line":76,"column":46}},"2":{"start":{"line":85,"column":8},"end":{"line":85,"column":48}},"3":{"start":{"line":100,"column":8},"end":{"line":100,"column":72}},"4":{"start":{"line":101,"column":8},"end":{"line":101,"column":47}},"5":{"start":{"line":115,"column":8},"end":{"line":115,"column":25}},"6":{"start":{"line":116,"column":8},"end":{"line":116,"column":53}},"7":{"start":{"line":118,"column":8},"end":{"line":118,"column":16}},"8":{"start":{"line":131,"column":8},"end":{"line":131,"column":58}},"9":{"start":{"line":146,"column":8},"end":{"line":146,"column":36}},"10":{"start":{"line":147,"column":8},"end":{"line":147,"column":25}},"11":{"start":{"line":149,"column":8},"end":{"line":149,"column":16}},"12":{"start":{"line":165,"column":8},"end":{"line":165,"column":5597}},"13":{"start":{"line":166,"column":12},"end":{"line":166,"column":20}},"14":{"start":{"line":169,"column":8},"end":{"line":169,"column":25}},"15":{"start":{"line":170,"column":8},"end":{"line":170,"column":63}},"16":{"start":{"line":172,"column":8},"end":{"line":172,"column":16}},"17":{"start":{"line":187,"column":8},"end":{"line":187,"column":54}},"18":{"start":{"line":205,"column":8},"end":{"line":205,"column":35}},"19":{"start":{"line":206,"column":8},"end":{"line":206,"column":25}},"20":{"start":{"line":209,"column":8},"end":{"line":209,"column":16}},"21":{"start":{"line":224,"column":8},"end":{"line":224,"column":52}},"22":{"start":{"line":241,"column":8},"end":{"line":241,"column":36}},"23":{"start":{"line":242,"column":8},"end":{"line":242,"column":20}},"24":{"start":{"line":262,"column":8},"end":{"line":262,"column":20}},"25":{"start":{"line":265,"column":8},"end":{"line":265,"column":23}},"26":{"start":{"line":291,"column":8},"end":{"line":291,"column":29}},"27":{"start":{"line":295,"column":8},"end":{"line":295,"column":26}},"28":{"start":{"line":299,"column":8},"end":{"line":299,"column":45}},"29":{"start":{"line":346,"column":8},"end":{"line":346,"column":46}},"30":{"start":{"line":355,"column":8},"end":{"line":355,"column":80}},"31":{"start":{"line":357,"column":8},"end":{"line":357,"column":49}},"32":{"start":{"line":366,"column":8},"end":{"line":366,"column":44}},"33":{"start":{"line":367,"column":8},"end":{"line":367,"column":79}},"34":{"start":{"line":369,"column":8},"end":{"line":369,"column":20}},"35":{"start":{"line":381,"column":8},"end":{"line":381,"column":40}},"36":{"start":{"line":382,"column":8},"end":{"line":382,"column":63}},"37":{"start":{"line":384,"column":8},"end":{"line":384,"column":14218}},"38":{"start":{"line":388,"column":8},"end":{"line":388,"column":36}},"39":{"start":{"line":389,"column":8},"end":{"line":389,"column":41}},"40":{"start":{"line":399,"column":8},"end":{"line":399,"column":79}},"41":{"start":{"line":401,"column":8},"end":{"line":401,"column":39}},"42":{"start":{"line":411,"column":8},"end":{"line":411,"column":60}},"43":{"start":{"line":413,"column":8},"end":{"line":413,"column":52}},"44":{"start":{"line":414,"column":8},"end":{"line":414,"column":53}},"45":{"start":{"line":424,"column":8},"end":{"line":424,"column":50}},"46":{"start":{"line":437,"column":8},"end":{"line":437,"column":107}},"47":{"start":{"line":439,"column":8},"end":{"line":439,"column":39}},"48":{"start":{"line":454,"column":8},"end":{"line":454,"column":46}},"49":{"start":{"line":470,"column":8},"end":{"line":470,"column":38}},"50":{"start":{"line":471,"column":8},"end":{"line":471,"column":115}},"51":{"start":{"line":480,"column":8},"end":{"line":480,"column":44}},"52":{"start":{"line":481,"column":8},"end":{"line":481,"column":34}},"53":{"start":{"line":492,"column":8},"end":{"line":492,"column":79}},"54":{"start":{"line":493,"column":8},"end":{"line":493,"column":40}},"55":{"start":{"line":494,"column":8},"end":{"line":494,"column":104}},"56":{"start":{"line":504,"column":8},"end":{"line":504,"column":67}},"57":{"start":{"line":505,"column":8},"end":{"line":505,"column":64}},"58":{"start":{"line":507,"column":8},"end":{"line":507,"column":32}},"59":{"start":{"line":508,"column":8},"end":{"line":508,"column":40}},"60":{"start":{"line":510,"column":8},"end":{"line":510,"column":46}},"61":{"start":{"line":521,"column":8},"end":{"line":521,"column":81}},"62":{"start":{"line":523,"column":8},"end":{"line":523,"column":30}},"63":{"start":{"line":525,"column":8},"end":{"line":525,"column":43}},"64":{"start":{"line":526,"column":8},"end":{"line":526,"column":40}},"65":{"start":{"line":528,"column":8},"end":{"line":528,"column":49}},"66":{"start":{"line":537,"column":8},"end":{"line":537,"column":39}},"67":{"start":{"line":548,"column":8},"end":{"line":548,"column":84}},"68":{"start":{"line":549,"column":8},"end":{"line":549,"column":71}},"69":{"start":{"line":551,"column":8},"end":{"line":551,"column":30}},"70":{"start":{"line":553,"column":8},"end":{"line":553,"column":42}},"71":{"start":{"line":554,"column":8},"end":{"line":554,"column":40}},"72":{"start":{"line":556,"column":8},"end":{"line":556,"column":32}},"73":{"start":{"line":558,"column":8},"end":{"line":558,"column":40}},"74":{"start":{"line":575,"column":8},"end":{"line":575,"column":20}},"75":{"start":{"line":576,"column":8},"end":{"line":576,"column":31}},"76":{"start":{"line":578,"column":8},"end":{"line":578,"column":22449}},"77":{"start":{"line":579,"column":12},"end":{"line":579,"column":23}},"78":{"start":{"line":583,"column":8},"end":{"line":583,"column":22565}},"79":{"start":{"line":586,"column":8},"end":{"line":586,"column":22704}},"80":{"start":{"line":587,"column":12},"end":{"line":587,"column":23}},"81":{"start":{"line":590,"column":8},"end":{"line":590,"column":22834}},"82":{"start":{"line":593,"column":8},"end":{"line":593,"column":22972}},"83":{"start":{"line":594,"column":12},"end":{"line":594,"column":23}},"84":{"start":{"line":597,"column":8},"end":{"line":597,"column":20}},"85":{"start":{"line":605,"column":8},"end":{"line":605,"column":23341}},"86":{"start":{"line":606,"column":12},"end":{"line":606,"column":48}},"87":{"start":{"line":645,"column":8},"end":{"line":645,"column":57}},"88":{"start":{"line":655,"column":8},"end":{"line":655,"column":86}},"89":{"start":{"line":656,"column":8},"end":{"line":656,"column":41}},"90":{"start":{"line":664,"column":8},"end":{"line":664,"column":32}},"91":{"start":{"line":674,"column":8},"end":{"line":674,"column":84}},"92":{"start":{"line":675,"column":8},"end":{"line":675,"column":32}},"93":{"start":{"line":686,"column":8},"end":{"line":686,"column":45}},"94":{"start":{"line":688,"column":8},"end":{"line":688,"column":54}},"95":{"start":{"line":690,"column":8},"end":{"line":690,"column":47}},"96":{"start":{"line":700,"column":8},"end":{"line":700,"column":31}},"97":{"start":{"line":702,"column":8},"end":{"line":702,"column":47}},"98":{"start":{"line":704,"column":8},"end":{"line":704,"column":47}},"99":{"start":{"line":715,"column":8},"end":{"line":715,"column":34}},"100":{"start":{"line":717,"column":8},"end":{"line":717,"column":55}},"101":{"start":{"line":719,"column":8},"end":{"line":719,"column":37}},"102":{"start":{"line":721,"column":8},"end":{"line":721,"column":52}},"103":{"start":{"line":730,"column":8},"end":{"line":730,"column":34}},"104":{"start":{"line":739,"column":8},"end":{"line":739,"column":59}},"105":{"start":{"line":740,"column":8},"end":{"line":740,"column":37}},"106":{"start":{"line":748,"column":8},"end":{"line":748,"column":51}},"107":{"start":{"line":749,"column":8},"end":{"line":749,"column":31}},"108":{"start":{"line":764,"column":8},"end":{"line":764,"column":65}},"109":{"start":{"line":765,"column":8},"end":{"line":765,"column":55}},"110":{"start":{"line":768,"column":8},"end":{"line":768,"column":30176}},"111":{"start":{"line":769,"column":12},"end":{"line":769,"column":68}},"112":{"start":{"line":771,"column":12},"end":{"line":771,"column":55}},"113":{"start":{"line":772,"column":12},"end":{"line":772,"column":54}},"114":{"start":{"line":791,"column":8},"end":{"line":791,"column":57}},"115":{"start":{"line":792,"column":8},"end":{"line":792,"column":53}},"116":{"start":{"line":797,"column":8},"end":{"line":797,"column":56}},"117":{"start":{"line":799,"column":8},"end":{"line":799,"column":43}},"118":{"start":{"line":800,"column":8},"end":{"line":800,"column":48}},"119":{"start":{"line":804,"column":8},"end":{"line":804,"column":35}},"120":{"start":{"line":837,"column":8},"end":{"line":837,"column":19}},"121":{"start":{"line":838,"column":8},"end":{"line":838,"column":23}},"122":{"start":{"line":841,"column":8},"end":{"line":841,"column":55}},"123":{"start":{"line":842,"column":8},"end":{"line":842,"column":62}},"124":{"start":{"line":846,"column":8},"end":{"line":846,"column":21}},"125":{"start":{"line":854,"column":8},"end":{"line":854,"column":20}},"126":{"start":{"line":862,"column":8},"end":{"line":862,"column":22}},"127":{"start":{"line":871,"column":8},"end":{"line":871,"column":82}},"128":{"start":{"line":872,"column":8},"end":{"line":872,"column":37}},"129":{"start":{"line":874,"column":8},"end":{"line":874,"column":71}},"130":{"start":{"line":880,"column":8},"end":{"line":880,"column":34379}},"131":{"start":{"line":881,"column":12},"end":{"line":881,"column":22}},"132":{"start":{"line":883,"column":8},"end":{"line":883,"column":19}},"133":{"start":{"line":884,"column":8},"end":{"line":884,"column":16}},"134":{"start":{"line":886,"column":8},"end":{"line":886,"column":34476}},"135":{"start":{"line":888,"column":12},"end":{"line":888,"column":18}},"136":{"start":{"line":890,"column":8},"end":{"line":890,"column":42}},"137":{"start":{"line":891,"column":8},"end":{"line":891,"column":24}},"138":{"start":{"line":893,"column":8},"end":{"line":893,"column":34622}},"139":{"start":{"line":894,"column":12},"end":{"line":894,"column":48}},"140":{"start":{"line":895,"column":12},"end":{"line":895,"column":19}},"141":{"start":{"line":897,"column":8},"end":{"line":897,"column":27}},"142":{"start":{"line":909,"column":8},"end":{"line":909,"column":34}},"143":{"start":{"line":930,"column":8},"end":{"line":930,"column":55}},"144":{"start":{"line":939,"column":8},"end":{"line":939,"column":106}},"145":{"start":{"line":940,"column":8},"end":{"line":940,"column":21}},"146":{"start":{"line":954,"column":8},"end":{"line":954,"column":70}},"147":{"start":{"line":955,"column":8},"end":{"line":955,"column":34}},"148":{"start":{"line":962,"column":8},"end":{"line":962,"column":71}},"149":{"start":{"line":963,"column":8},"end":{"line":963,"column":35}},"150":{"start":{"line":971,"column":8},"end":{"line":971,"column":75}},"151":{"start":{"line":972,"column":8},"end":{"line":972,"column":35}},"152":{"start":{"line":985,"column":8},"end":{"line":985,"column":29}},"153":{"start":{"line":989,"column":8},"end":{"line":989,"column":88}},"154":{"start":{"line":994,"column":8},"end":{"line":994,"column":36}},"155":{"start":{"line":998,"column":8},"end":{"line":998,"column":26}},"156":{"start":{"line":1002,"column":8},"end":{"line":1002,"column":32}},"157":{"start":{"line":1006,"column":8},"end":{"line":1006,"column":28}},"158":{"start":{"line":1007,"column":8},"end":{"line":1007,"column":33}},"159":{"start":{"line":1011,"column":8},"end":{"line":1011,"column":31}},"160":{"start":{"line":1012,"column":8},"end":{"line":1012,"column":35}},"161":{"start":{"line":1034,"column":8},"end":{"line":1034,"column":22}},"162":{"start":{"line":1041,"column":8},"end":{"line":1041,"column":22}},"163":{"start":{"line":1048,"column":8},"end":{"line":1048,"column":44}},"164":{"start":{"line":1056,"column":8},"end":{"line":1056,"column":47}},"165":{"start":{"line":1064,"column":8},"end":{"line":1064,"column":21}},"166":{"start":{"line":1065,"column":8},"end":{"line":1065,"column":31}},"167":{"start":{"line":1072,"column":8},"end":{"line":1072,"column":22}},"168":{"start":{"line":1073,"column":8},"end":{"line":1073,"column":33}},"169":{"start":{"line":1095,"column":8},"end":{"line":1095,"column":55}},"170":{"start":{"line":1099,"column":8},"end":{"line":1099,"column":33}},"171":{"start":{"line":1103,"column":8},"end":{"line":1103,"column":44}},"172":{"start":{"line":1107,"column":8},"end":{"line":1107,"column":44}},"173":{"start":{"line":1120,"column":8},"end":{"line":1120,"column":28}},"174":{"start":{"line":1123,"column":8},"end":{"line":1123,"column":73}},"175":{"start":{"line":1127,"column":8},"end":{"line":1127,"column":21}},"176":{"start":{"line":1130,"column":8},"end":{"line":1130,"column":80}},"177":{"start":{"line":1131,"column":8},"end":{"line":1131,"column":26}},"178":{"start":{"line":1135,"column":8},"end":{"line":1135,"column":33}},"179":{"start":{"line":1136,"column":8},"end":{"line":1136,"column":24}},"180":{"start":{"line":1137,"column":8},"end":{"line":1137,"column":53}},"181":{"start":{"line":1149,"column":8},"end":{"line":1149,"column":23}},"182":{"start":{"line":1153,"column":8},"end":{"line":1153,"column":25}},"183":{"start":{"line":1157,"column":8},"end":{"line":1157,"column":76}},"184":{"start":{"line":1158,"column":8},"end":{"line":1158,"column":42224}},"185":{"start":{"line":1159,"column":12},"end":{"line":1159,"column":41}},"186":{"start":{"line":1165,"column":8},"end":{"line":1165,"column":64}},"187":{"start":{"line":1166,"column":8},"end":{"line":1166,"column":37}},"188":{"start":{"line":1171,"column":8},"end":{"line":1171,"column":91}},"189":{"start":{"line":1172,"column":8},"end":{"line":1172,"column":84}},"190":{"start":{"line":1174,"column":8},"end":{"line":1174,"column":42811}},"191":{"start":{"line":1175,"column":12},"end":{"line":1175,"column":42865}},"192":{"start":{"line":1176,"column":16},"end":{"line":1176,"column":45}},"193":{"start":{"line":1183,"column":8},"end":{"line":1183,"column":47}},"194":{"start":{"line":1184,"column":8},"end":{"line":1184,"column":34}}},"branchMap":{"1":{"line":100,"type":"if","locations":[{"start":{"line":100,"column":8},"end":{"line":100,"column":8}},{"start":{"line":100,"column":8},"end":{"line":100,"column":8}}]},"2":{"line":116,"type":"if","locations":[{"start":{"line":116,"column":8},"end":{"line":116,"column":8}},{"start":{"line":116,"column":8},"end":{"line":116,"column":8}}]},"3":{"line":146,"type":"if","locations":[{"start":{"line":146,"column":8},"end":{"line":146,"column":8}},{"start":{"line":146,"column":8},"end":{"line":146,"column":8}}]},"4":{"line":165,"type":"if","locations":[{"start":{"line":165,"column":8},"end":{"line":165,"column":8}},{"start":{"line":165,"column":8},"end":{"line":165,"column":8}}]},"5":{"line":170,"type":"if","locations":[{"start":{"line":170,"column":8},"end":{"line":170,"column":8}},{"start":{"line":170,"column":8},"end":{"line":170,"column":8}}]},"6":{"line":205,"type":"if","locations":[{"start":{"line":205,"column":8},"end":{"line":205,"column":8}},{"start":{"line":205,"column":8},"end":{"line":205,"column":8}}]},"7":{"line":241,"type":"if","locations":[{"start":{"line":241,"column":8},"end":{"line":241,"column":8}},{"start":{"line":241,"column":8},"end":{"line":241,"column":8}}]},"8":{"line":355,"type":"if","locations":[{"start":{"line":355,"column":8},"end":{"line":355,"column":8}},{"start":{"line":355,"column":8},"end":{"line":355,"column":8}}]},"9":{"line":367,"type":"if","locations":[{"start":{"line":367,"column":8},"end":{"line":367,"column":8}},{"start":{"line":367,"column":8},"end":{"line":367,"column":8}}]},"10":{"line":382,"type":"if","locations":[{"start":{"line":382,"column":8},"end":{"line":382,"column":8}},{"start":{"line":382,"column":8},"end":{"line":382,"column":8}}]},"11":{"line":384,"type":"if","locations":[{"start":{"line":384,"column":8},"end":{"line":384,"column":8}},{"start":{"line":384,"column":8},"end":{"line":384,"column":8}}]},"12":{"line":399,"type":"if","locations":[{"start":{"line":399,"column":8},"end":{"line":399,"column":8}},{"start":{"line":399,"column":8},"end":{"line":399,"column":8}}]},"13":{"line":411,"type":"if","locations":[{"start":{"line":411,"column":8},"end":{"line":411,"column":8}},{"start":{"line":411,"column":8},"end":{"line":411,"column":8}}]},"14":{"line":437,"type":"if","locations":[{"start":{"line":437,"column":8},"end":{"line":437,"column":8}},{"start":{"line":437,"column":8},"end":{"line":437,"column":8}}]},"15":{"line":471,"type":"if","locations":[{"start":{"line":471,"column":8},"end":{"line":471,"column":8}},{"start":{"line":471,"column":8},"end":{"line":471,"column":8}}]},"16":{"line":492,"type":"if","locations":[{"start":{"line":492,"column":8},"end":{"line":492,"column":8}},{"start":{"line":492,"column":8},"end":{"line":492,"column":8}}]},"17":{"line":504,"type":"if","locations":[{"start":{"line":504,"column":8},"end":{"line":504,"column":8}},{"start":{"line":504,"column":8},"end":{"line":504,"column":8}}]},"18":{"line":505,"type":"if","locations":[{"start":{"line":505,"column":8},"end":{"line":505,"column":8}},{"start":{"line":505,"column":8},"end":{"line":505,"column":8}}]},"19":{"line":521,"type":"if","locations":[{"start":{"line":521,"column":8},"end":{"line":521,"column":8}},{"start":{"line":521,"column":8},"end":{"line":521,"column":8}}]},"20":{"line":548,"type":"if","locations":[{"start":{"line":548,"column":8},"end":{"line":548,"column":8}},{"start":{"line":548,"column":8},"end":{"line":548,"column":8}}]},"21":{"line":549,"type":"if","locations":[{"start":{"line":549,"column":8},"end":{"line":549,"column":8}},{"start":{"line":549,"column":8},"end":{"line":549,"column":8}}]},"22":{"line":578,"type":"if","locations":[{"start":{"line":578,"column":8},"end":{"line":578,"column":8}},{"start":{"line":578,"column":8},"end":{"line":578,"column":8}}]},"23":{"line":586,"type":"if","locations":[{"start":{"line":586,"column":8},"end":{"line":586,"column":8}},{"start":{"line":586,"column":8},"end":{"line":586,"column":8}}]},"24":{"line":593,"type":"if","locations":[{"start":{"line":593,"column":8},"end":{"line":593,"column":8}},{"start":{"line":593,"column":8},"end":{"line":593,"column":8}}]},"25":{"line":605,"type":"if","locations":[{"start":{"line":605,"column":8},"end":{"line":605,"column":8}},{"start":{"line":605,"column":8},"end":{"line":605,"column":8}}]},"26":{"line":655,"type":"if","locations":[{"start":{"line":655,"column":8},"end":{"line":655,"column":8}},{"start":{"line":655,"column":8},"end":{"line":655,"column":8}}]},"27":{"line":674,"type":"if","locations":[{"start":{"line":674,"column":8},"end":{"line":674,"column":8}},{"start":{"line":674,"column":8},"end":{"line":674,"column":8}}]},"28":{"line":768,"type":"if","locations":[{"start":{"line":768,"column":8},"end":{"line":768,"column":8}},{"start":{"line":768,"column":8},"end":{"line":768,"column":8}}]},"29":{"line":871,"type":"if","locations":[{"start":{"line":871,"column":8},"end":{"line":871,"column":8}},{"start":{"line":871,"column":8},"end":{"line":871,"column":8}}]},"30":{"line":880,"type":"if","locations":[{"start":{"line":880,"column":8},"end":{"line":880,"column":8}},{"start":{"line":880,"column":8},"end":{"line":880,"column":8}}]},"31":{"line":939,"type":"if","locations":[{"start":{"line":939,"column":8},"end":{"line":939,"column":8}},{"start":{"line":939,"column":8},"end":{"line":939,"column":8}}]},"32":{"line":954,"type":"if","locations":[{"start":{"line":954,"column":8},"end":{"line":954,"column":8}},{"start":{"line":954,"column":8},"end":{"line":954,"column":8}}]},"33":{"line":962,"type":"if","locations":[{"start":{"line":962,"column":8},"end":{"line":962,"column":8}},{"start":{"line":962,"column":8},"end":{"line":962,"column":8}}]},"34":{"line":971,"type":"if","locations":[{"start":{"line":971,"column":8},"end":{"line":971,"column":8}},{"start":{"line":971,"column":8},"end":{"line":971,"column":8}}]},"35":{"line":989,"type":"if","locations":[{"start":{"line":989,"column":8},"end":{"line":989,"column":8}},{"start":{"line":989,"column":8},"end":{"line":989,"column":8}}]},"36":{"line":1048,"type":"if","locations":[{"start":{"line":1048,"column":8},"end":{"line":1048,"column":8}},{"start":{"line":1048,"column":8},"end":{"line":1048,"column":8}}]},"37":{"line":1056,"type":"if","locations":[{"start":{"line":1056,"column":8},"end":{"line":1056,"column":8}},{"start":{"line":1056,"column":8},"end":{"line":1056,"column":8}}]},"38":{"line":1123,"type":"if","locations":[{"start":{"line":1123,"column":8},"end":{"line":1123,"column":8}},{"start":{"line":1123,"column":8},"end":{"line":1123,"column":8}}]},"39":{"line":1130,"type":"if","locations":[{"start":{"line":1130,"column":8},"end":{"line":1130,"column":8}},{"start":{"line":1130,"column":8},"end":{"line":1130,"column":8}}]},"40":{"line":1157,"type":"if","locations":[{"start":{"line":1157,"column":8},"end":{"line":1157,"column":8}},{"start":{"line":1157,"column":8},"end":{"line":1157,"column":8}}]},"41":{"line":1165,"type":"if","locations":[{"start":{"line":1165,"column":8},"end":{"line":1165,"column":8}},{"start":{"line":1165,"column":8},"end":{"line":1165,"column":8}}]},"42":{"line":1171,"type":"if","locations":[{"start":{"line":1171,"column":8},"end":{"line":1171,"column":8}},{"start":{"line":1171,"column":8},"end":{"line":1171,"column":8}}]},"43":{"line":1172,"type":"if","locations":[{"start":{"line":1172,"column":8},"end":{"line":1172,"column":8}},{"start":{"line":1172,"column":8},"end":{"line":1172,"column":8}}]},"44":{"line":1175,"type":"if","locations":[{"start":{"line":1175,"column":12},"end":{"line":1175,"column":12}},{"start":{"line":1175,"column":12},"end":{"line":1175,"column":12}}]}}}}