{
"contracts/AgendaNFT.sol":{"l":{"18":0,"19":0,"20":0,"24":0,"26":0,"28":0,"29":0,"30":0,"31":0,"32":0,"34":0,"35":0,"36":0,"37":0,"38":0,"40":0,"42":0,"49":0,"55":0,"56":0,"57":0},"path":"/Users/nodias/Documents/workspace/solidity/klaytn-hardhat-example/contracts/AgendaNFT.sol","s":{"1":0,"2":0,"3":0,"4":0,"5":0,"6":0,"7":0,"8":0,"9":0,"10":0,"11":0,"12":0,"13":0,"14":0,"15":0,"16":0,"17":0,"18":0,"19":0,"20":0,"21":0},"b":{"1":[0,0]},"f":{"1":0,"2":0,"3":0,"4":0},"fnMap":{"1":{"name":"constructor","line":14,"loc":{"start":{"line":12,"column":4},"end":{"line":15,"column":5}}},"2":{"name":"uri","line":17,"loc":{"start":{"line":17,"column":4},"end":{"line":46,"column":4}}},"3":{"name":"mint","line":48,"loc":{"start":{"line":48,"column":4},"end":{"line":50,"column":4}}},"4":{"name":"transferMany","line":52,"loc":{"start":{"line":52,"column":4},"end":{"line":59,"column":4}}}},"statementMap":{"1":{"start":{"line":18,"column":8},"end":{"line":18,"column":34}},"2":{"start":{"line":19,"column":8},"end":{"line":19,"column":645}},"3":{"start":{"line":20,"column":12},"end":{"line":20,"column":747}},"4":{"start":{"line":24,"column":8},"end":{"line":24,"column":860}},"5":{"start":{"line":26,"column":8},"end":{"line":26,"column":27}},"6":{"start":{"line":28,"column":8},"end":{"line":28,"column":30}},"7":{"start":{"line":29,"column":8},"end":{"line":29,"column":22}},"8":{"start":{"line":30,"column":8},"end":{"line":30,"column":971}},"9":{"start":{"line":31,"column":12},"end":{"line":31,"column":22}},"10":{"start":{"line":32,"column":12},"end":{"line":32,"column":21}},"11":{"start":{"line":34,"column":8},"end":{"line":34,"column":47}},"12":{"start":{"line":35,"column":8},"end":{"line":35,"column":1107}},"13":{"start":{"line":36,"column":12},"end":{"line":36,"column":22}},"14":{"start":{"line":37,"column":12},"end":{"line":37,"column":69}},"15":{"start":{"line":38,"column":12},"end":{"line":38,"column":24}},"16":{"start":{"line":40,"column":8},"end":{"line":40,"column":29}},"17":{"start":{"line":42,"column":8},"end":{"line":42,"column":1317}},"18":{"start":{"line":49,"column":8},"end":{"line":49,"column":40}},"19":{"start":{"line":55,"column":8},"end":{"line":55,"column":35}},"20":{"start":{"line":56,"column":8},"end":{"line":56,"column":1706}},"21":{"start":{"line":57,"column":12},"end":{"line":57,"column":62}}},"branchMap":{"1":{"line":19,"type":"if","locations":[{"start":{"line":19,"column":8},"end":{"line":19,"column":8}},{"start":{"line":19,"column":8},"end":{"line":19,"column":8}}]}}},
"contracts/Brag.sol":{"l":{"16":6},"path":"/Users/nodias/Documents/workspace/solidity/klaytn-hardhat-example/contracts/Brag.sol","s":{"1":6},"b":{},"f":{"1":6},"fnMap":{"1":{"name":"constructor","line":15,"loc":{"start":{"line":15,"column":4},"end":{"line":17,"column":4}}}},"statementMap":{"1":{"start":{"line":16,"column":8},"end":{"line":16,"column":54}}},"branchMap":{}},
"contracts/GatherSYL.sol":{"l":{"22":1,"23":1,"24":1,"25":1,"26":1,"27":1,"28":1,"33":2,"34":2,"35":2,"36":2,"37":2,"42":1,"43":1,"44":1,"51":1,"52":1,"53":1,"54":6,"55":4,"57":2,"63":2,"67":12,"71":12},"path":"/Users/nodias/Documents/workspace/solidity/klaytn-hardhat-example/contracts/GatherSYL.sol","s":{"1":1,"2":1,"3":1,"4":1,"5":1,"6":1,"7":1,"8":2,"9":2,"10":2,"11":2,"12":2,"13":1,"14":1,"15":1,"16":1,"17":1,"18":6,"19":4,"20":2,"21":2,"22":12,"23":12},"b":{"1":[1,0],"2":[1,0],"3":[1,0],"4":[2,0],"5":[2,0],"6":[2,0],"7":[1,0],"8":[4,2]},"f":{"1":6,"2":1,"3":2,"4":1,"5":2,"6":12,"7":12},"fnMap":{"1":{"name":"","line":18,"loc":{"start":{"line":18,"column":4},"end":{"line":18,"column":33}}},"2":{"name":"staking","line":21,"loc":{"start":{"line":21,"column":4},"end":{"line":29,"column":4}}},"3":{"name":"withdraw","line":32,"loc":{"start":{"line":32,"column":4},"end":{"line":47,"column":4}}},"4":{"name":"distributionToken","line":50,"loc":{"start":{"line":50,"column":4},"end":{"line":60,"column":4}}},"5":{"name":"addNftAllowed","line":62,"loc":{"start":{"line":62,"column":4},"end":{"line":64,"column":4}}},"6":{"name":"addStakeAllowed","line":66,"loc":{"start":{"line":66,"column":4},"end":{"line":68,"column":4}}},"7":{"name":"addDistributeNum","line":70,"loc":{"start":{"line":70,"column":4},"end":{"line":72,"column":4}}}},"statementMap":{"1":{"start":{"line":22,"column":8},"end":{"line":22,"column":33}},"2":{"start":{"line":23,"column":8},"end":{"line":23,"column":40}},"3":{"start":{"line":24,"column":8},"end":{"line":24,"column":55}},"4":{"start":{"line":25,"column":8},"end":{"line":25,"column":63}},"5":{"start":{"line":26,"column":8},"end":{"line":26,"column":40}},"6":{"start":{"line":27,"column":8},"end":{"line":27,"column":59}},"7":{"start":{"line":28,"column":8},"end":{"line":28,"column":48}},"8":{"start":{"line":33,"column":8},"end":{"line":33,"column":33}},"9":{"start":{"line":34,"column":8},"end":{"line":34,"column":40}},"10":{"start":{"line":35,"column":8},"end":{"line":35,"column":55}},"11":{"start":{"line":36,"column":8},"end":{"line":36,"column":66}},"12":{"start":{"line":37,"column":8},"end":{"line":37,"column":1449}},"13":{"start":{"line":42,"column":12},"end":{"line":42,"column":1588}},"14":{"start":{"line":44,"column":16},"end":{"line":44,"column":67}},"15":{"start":{"line":51,"column":8},"end":{"line":51,"column":35}},"16":{"start":{"line":52,"column":8},"end":{"line":52,"column":63}},"17":{"start":{"line":53,"column":8},"end":{"line":53,"column":1977}},"18":{"start":{"line":54,"column":12},"end":{"line":54,"column":2036}},"19":{"start":{"line":55,"column":16},"end":{"line":55,"column":62}},"20":{"start":{"line":57,"column":16},"end":{"line":57,"column":62}},"21":{"start":{"line":63,"column":8},"end":{"line":63,"column":30}},"22":{"start":{"line":67,"column":8},"end":{"line":67,"column":36}},"23":{"start":{"line":71,"column":8},"end":{"line":71,"column":35}}},"branchMap":{"1":{"line":22,"type":"if","locations":[{"start":{"line":22,"column":8},"end":{"line":22,"column":8}},{"start":{"line":22,"column":8},"end":{"line":22,"column":8}}]},"2":{"line":23,"type":"if","locations":[{"start":{"line":23,"column":8},"end":{"line":23,"column":8}},{"start":{"line":23,"column":8},"end":{"line":23,"column":8}}]},"3":{"line":25,"type":"if","locations":[{"start":{"line":25,"column":8},"end":{"line":25,"column":8}},{"start":{"line":25,"column":8},"end":{"line":25,"column":8}}]},"4":{"line":33,"type":"if","locations":[{"start":{"line":33,"column":8},"end":{"line":33,"column":8}},{"start":{"line":33,"column":8},"end":{"line":33,"column":8}}]},"5":{"line":34,"type":"if","locations":[{"start":{"line":34,"column":8},"end":{"line":34,"column":8}},{"start":{"line":34,"column":8},"end":{"line":34,"column":8}}]},"6":{"line":36,"type":"if","locations":[{"start":{"line":36,"column":8},"end":{"line":36,"column":8}},{"start":{"line":36,"column":8},"end":{"line":36,"column":8}}]},"7":{"line":42,"type":"if","locations":[{"start":{"line":42,"column":12},"end":{"line":42,"column":12}},{"start":{"line":42,"column":12},"end":{"line":42,"column":12}}]},"8":{"line":54,"type":"if","locations":[{"start":{"line":54,"column":12},"end":{"line":54,"column":12}},{"start":{"line":54,"column":12},"end":{"line":54,"column":12}}]}}},
"contracts/klaytn-contracts/access/Roles.sol":{"l":{"16":12,"17":12,"24":0,"25":0,"33":14,"34":14},"path":"/Users/nodias/Documents/workspace/solidity/klaytn-hardhat-example/contracts/klaytn-contracts/access/Roles.sol","s":{"1":12,"2":12,"3":0,"4":0,"5":14,"6":14},"b":{"1":[12,0],"2":[0,0],"3":[14,0]},"f":{"1":12,"2":0,"3":14},"fnMap":{"1":{"name":"add","line":15,"loc":{"start":{"line":15,"column":4},"end":{"line":18,"column":4}}},"2":{"name":"remove","line":23,"loc":{"start":{"line":23,"column":4},"end":{"line":26,"column":4}}},"3":{"name":"has","line":32,"loc":{"start":{"line":32,"column":4},"end":{"line":35,"column":4}}}},"statementMap":{"1":{"start":{"line":16,"column":8},"end":{"line":16,"column":70}},"2":{"start":{"line":17,"column":8},"end":{"line":17,"column":34}},"3":{"start":{"line":24,"column":8},"end":{"line":24,"column":71}},"4":{"start":{"line":25,"column":8},"end":{"line":25,"column":35}},"5":{"start":{"line":33,"column":8},"end":{"line":33,"column":75}},"6":{"start":{"line":34,"column":8},"end":{"line":34,"column":35}}},"branchMap":{"1":{"line":16,"type":"if","locations":[{"start":{"line":16,"column":8},"end":{"line":16,"column":8}},{"start":{"line":16,"column":8},"end":{"line":16,"column":8}}]},"2":{"line":24,"type":"if","locations":[{"start":{"line":24,"column":8},"end":{"line":24,"column":8}},{"start":{"line":24,"column":8},"end":{"line":24,"column":8}}]},"3":{"line":33,"type":"if","locations":[{"start":{"line":33,"column":8},"end":{"line":33,"column":8}},{"start":{"line":33,"column":8},"end":{"line":33,"column":8}}]}}},
"contracts/klaytn-contracts/access/roles/MinterRole.sol":{"l":{"14":6,"18":2,"19":2,"23":2,"27":0,"31":0,"35":6,"36":6,"40":0,"41":0},"path":"/Users/nodias/Documents/workspace/solidity/klaytn-hardhat-example/contracts/klaytn-contracts/access/roles/MinterRole.sol","s":{"1":6,"2":2,"3":2,"4":0,"5":0,"6":6,"7":6,"8":0,"9":0},"b":{"1":[2,0]},"f":{"1":6,"2":2,"3":2,"4":0,"5":0,"6":6,"7":0},"fnMap":{"1":{"name":"constructor","line":13,"loc":{"start":{"line":13,"column":4},"end":{"line":15,"column":4}}},"2":{"name":"onlyMinter","line":17,"loc":{"start":{"line":17,"column":4},"end":{"line":20,"column":4}}},"3":{"name":"isMinter","line":22,"loc":{"start":{"line":22,"column":4},"end":{"line":24,"column":4}}},"4":{"name":"addMinter","line":26,"loc":{"start":{"line":26,"column":4},"end":{"line":28,"column":4}}},"5":{"name":"renounceMinter","line":30,"loc":{"start":{"line":30,"column":4},"end":{"line":32,"column":4}}},"6":{"name":"_addMinter","line":34,"loc":{"start":{"line":34,"column":4},"end":{"line":37,"column":4}}},"7":{"name":"_removeMinter","line":39,"loc":{"start":{"line":39,"column":4},"end":{"line":42,"column":4}}}},"statementMap":{"1":{"start":{"line":14,"column":8},"end":{"line":14,"column":29}},"2":{"start":{"line":18,"column":8},"end":{"line":18,"column":88}},"3":{"start":{"line":23,"column":8},"end":{"line":23,"column":36}},"4":{"start":{"line":27,"column":8},"end":{"line":27,"column":26}},"5":{"start":{"line":31,"column":8},"end":{"line":31,"column":32}},"6":{"start":{"line":35,"column":8},"end":{"line":35,"column":28}},"7":{"start":{"line":36,"column":8},"end":{"line":36,"column":33}},"8":{"start":{"line":40,"column":8},"end":{"line":40,"column":31}},"9":{"start":{"line":41,"column":8},"end":{"line":41,"column":35}}},"branchMap":{"1":{"line":18,"type":"if","locations":[{"start":{"line":18,"column":8},"end":{"line":18,"column":8}},{"start":{"line":18,"column":8},"end":{"line":18,"column":8}}]}}},
"contracts/klaytn-contracts/access/roles/PauserRole.sol":{"l":{"14":6,"18":0,"19":0,"23":0,"27":0,"31":0,"35":6,"36":6,"40":0,"41":0},"path":"/Users/nodias/Documents/workspace/solidity/klaytn-hardhat-example/contracts/klaytn-contracts/access/roles/PauserRole.sol","s":{"1":6,"2":0,"3":0,"4":0,"5":0,"6":6,"7":6,"8":0,"9":0},"b":{"1":[0,0]},"f":{"1":6,"2":0,"3":0,"4":0,"5":0,"6":6,"7":0},"fnMap":{"1":{"name":"constructor","line":13,"loc":{"start":{"line":13,"column":4},"end":{"line":15,"column":4}}},"2":{"name":"onlyPauser","line":17,"loc":{"start":{"line":17,"column":4},"end":{"line":20,"column":4}}},"3":{"name":"isPauser","line":22,"loc":{"start":{"line":22,"column":4},"end":{"line":24,"column":4}}},"4":{"name":"addPauser","line":26,"loc":{"start":{"line":26,"column":4},"end":{"line":28,"column":4}}},"5":{"name":"renouncePauser","line":30,"loc":{"start":{"line":30,"column":4},"end":{"line":32,"column":4}}},"6":{"name":"_addPauser","line":34,"loc":{"start":{"line":34,"column":4},"end":{"line":37,"column":4}}},"7":{"name":"_removePauser","line":39,"loc":{"start":{"line":39,"column":4},"end":{"line":42,"column":4}}}},"statementMap":{"1":{"start":{"line":14,"column":8},"end":{"line":14,"column":29}},"2":{"start":{"line":18,"column":8},"end":{"line":18,"column":88}},"3":{"start":{"line":23,"column":8},"end":{"line":23,"column":36}},"4":{"start":{"line":27,"column":8},"end":{"line":27,"column":26}},"5":{"start":{"line":31,"column":8},"end":{"line":31,"column":32}},"6":{"start":{"line":35,"column":8},"end":{"line":35,"column":28}},"7":{"start":{"line":36,"column":8},"end":{"line":36,"column":33}},"8":{"start":{"line":40,"column":8},"end":{"line":40,"column":31}},"9":{"start":{"line":41,"column":8},"end":{"line":41,"column":35}}},"branchMap":{"1":{"line":18,"type":"if","locations":[{"start":{"line":18,"column":8},"end":{"line":18,"column":8}},{"start":{"line":18,"column":8},"end":{"line":18,"column":8}}]}}},
"contracts/klaytn-contracts/drafts/Counters.sol":{"l":{"27":0,"31":0,"35":0},"path":"/Users/nodias/Documents/workspace/solidity/klaytn-hardhat-example/contracts/klaytn-contracts/drafts/Counters.sol","s":{"1":0,"2":0,"3":0},"b":{},"f":{"1":0,"2":0,"3":0},"fnMap":{"1":{"name":"current","line":26,"loc":{"start":{"line":26,"column":4},"end":{"line":28,"column":4}}},"2":{"name":"increment","line":30,"loc":{"start":{"line":30,"column":4},"end":{"line":32,"column":4}}},"3":{"name":"decrement","line":34,"loc":{"start":{"line":34,"column":4},"end":{"line":36,"column":4}}}},"statementMap":{"1":{"start":{"line":27,"column":8},"end":{"line":27,"column":29}},"2":{"start":{"line":31,"column":8},"end":{"line":31,"column":26}},"3":{"start":{"line":35,"column":8},"end":{"line":35,"column":45}}},"branchMap":{}},
"contracts/klaytn-contracts/GSN/Context.sol":{"l":{"20":0,"24":0,"25":0},"path":"/Users/nodias/Documents/workspace/solidity/klaytn-hardhat-example/contracts/klaytn-contracts/GSN/Context.sol","s":{"1":0,"2":0},"b":{},"f":{"1":0,"2":0,"3":0},"fnMap":{"1":{"name":"constructor","line":16,"loc":{"start":{"line":16,"column":4},"end":{"line":16,"column":30}}},"2":{"name":"_msgSender","line":19,"loc":{"start":{"line":19,"column":4},"end":{"line":21,"column":4}}},"3":{"name":"_msgData","line":23,"loc":{"start":{"line":23,"column":4},"end":{"line":26,"column":4}}}},"statementMap":{"1":{"start":{"line":20,"column":8},"end":{"line":20,"column":25}},"2":{"start":{"line":25,"column":8},"end":{"line":25,"column":23}}},"branchMap":{}},
"contracts/klaytn-contracts/introspection/IKIP13.sol":{"l":{},"path":"/Users/nodias/Documents/workspace/solidity/klaytn-hardhat-example/contracts/klaytn-contracts/introspection/IKIP13.sol","s":{},"b":{},"f":{},"fnMap":{},"statementMap":{},"branchMap":{}},
"contracts/klaytn-contracts/introspection/KIP13.sol":{"l":{"25":6,"34":0,"49":36,"50":36},"path":"/Users/nodias/Documents/workspace/solidity/klaytn-hardhat-example/contracts/klaytn-contracts/introspection/KIP13.sol","s":{"1":6,"2":0,"3":36,"4":36},"b":{"1":[36,0]},"f":{"1":6,"2":0,"3":36},"fnMap":{"1":{"name":"constructor","line":22,"loc":{"start":{"line":22,"column":4},"end":{"line":26,"column":4}}},"2":{"name":"supportsInterface","line":33,"loc":{"start":{"line":33,"column":4},"end":{"line":35,"column":4}}},"3":{"name":"_registerInterface","line":48,"loc":{"start":{"line":48,"column":4},"end":{"line":51,"column":4}}}},"statementMap":{"1":{"start":{"line":25,"column":8},"end":{"line":25,"column":46}},"2":{"start":{"line":34,"column":8},"end":{"line":34,"column":48}},"3":{"start":{"line":49,"column":8},"end":{"line":49,"column":72}},"4":{"start":{"line":50,"column":8},"end":{"line":50,"column":47}}},"branchMap":{"1":{"line":49,"type":"if","locations":[{"start":{"line":49,"column":8},"end":{"line":49,"column":8}},{"start":{"line":49,"column":8},"end":{"line":49,"column":8}}]}}},
"contracts/klaytn-contracts/introspection/KIP13Checker.sol":{"l":{"25":0,"37":0,"52":0,"53":0,"57":0,"58":0,"59":0,"64":0,"81":0,"83":0,"99":0,"102":0},"path":"/Users/nodias/Documents/workspace/solidity/klaytn-hardhat-example/contracts/klaytn-contracts/introspection/KIP13Checker.sol","s":{"1":0,"2":0,"3":0,"4":0,"5":0,"6":0,"7":0,"8":0,"9":0,"10":0,"11":0},"b":{"1":[0,0],"2":[0,0]},"f":{"1":0,"2":0,"3":0,"4":0,"5":0},"fnMap":{"1":{"name":"_supportsKIP13","line":22,"loc":{"start":{"line":22,"column":4},"end":{"line":27,"column":4}}},"2":{"name":"_supportsInterface","line":35,"loc":{"start":{"line":35,"column":4},"end":{"line":39,"column":4}}},"3":{"name":"_supportsAllInterfaces","line":50,"loc":{"start":{"line":50,"column":4},"end":{"line":65,"column":4}}},"4":{"name":"_supportsKIP13Interface","line":78,"loc":{"start":{"line":78,"column":4},"end":{"line":84,"column":4}}},"5":{"name":"_callKIP13SupportsInterface","line":94,"loc":{"start":{"line":94,"column":4},"end":{"line":120,"column":4}}}},"statementMap":{"1":{"start":{"line":25,"column":8},"end":{"line":25,"column":1020}},"2":{"start":{"line":37,"column":8},"end":{"line":37,"column":1551}},"3":{"start":{"line":52,"column":8},"end":{"line":52,"column":2091}},"4":{"start":{"line":53,"column":12},"end":{"line":53,"column":24}},"5":{"start":{"line":57,"column":8},"end":{"line":57,"column":2228}},"6":{"start":{"line":58,"column":12},"end":{"line":58,"column":2296}},"7":{"start":{"line":59,"column":16},"end":{"line":59,"column":28}},"8":{"start":{"line":64,"column":8},"end":{"line":64,"column":19}},"9":{"start":{"line":81,"column":8},"end":{"line":81,"column":87}},"10":{"start":{"line":83,"column":8},"end":{"line":83,"column":34}},"11":{"start":{"line":99,"column":8},"end":{"line":99,"column":93}}},"branchMap":{"1":{"line":52,"type":"if","locations":[{"start":{"line":52,"column":8},"end":{"line":52,"column":8}},{"start":{"line":52,"column":8},"end":{"line":52,"column":8}}]},"2":{"line":58,"type":"if","locations":[{"start":{"line":58,"column":12},"end":{"line":58,"column":12}},{"start":{"line":58,"column":12},"end":{"line":58,"column":12}}]}}},
"contracts/klaytn-contracts/lifecycle/Pausable.sol":{"l":{"32":6,"39":0,"46":6,"47":6,"54":0,"55":0,"62":0,"63":0,"70":0,"71":0},"path":"/Users/nodias/Documents/workspace/solidity/klaytn-hardhat-example/contracts/klaytn-contracts/lifecycle/Pausable.sol","s":{"1":6,"2":0,"3":6,"4":0,"5":0,"6":0,"7":0,"8":0},"b":{"1":[6,0],"2":[0,0]},"f":{"1":6,"2":0,"3":6,"4":0,"5":0,"6":0},"fnMap":{"1":{"name":"constructor","line":31,"loc":{"start":{"line":31,"column":4},"end":{"line":33,"column":4}}},"2":{"name":"paused","line":38,"loc":{"start":{"line":38,"column":4},"end":{"line":40,"column":4}}},"3":{"name":"whenNotPaused","line":45,"loc":{"start":{"line":45,"column":4},"end":{"line":48,"column":4}}},"4":{"name":"whenPaused","line":53,"loc":{"start":{"line":53,"column":4},"end":{"line":56,"column":4}}},"5":{"name":"pause","line":61,"loc":{"start":{"line":61,"column":4},"end":{"line":64,"column":4}}},"6":{"name":"unpause","line":69,"loc":{"start":{"line":69,"column":4},"end":{"line":72,"column":4}}}},"statementMap":{"1":{"start":{"line":32,"column":8},"end":{"line":32,"column":22}},"2":{"start":{"line":39,"column":8},"end":{"line":39,"column":22}},"3":{"start":{"line":46,"column":8},"end":{"line":46,"column":44}},"4":{"start":{"line":54,"column":8},"end":{"line":54,"column":47}},"5":{"start":{"line":62,"column":8},"end":{"line":62,"column":21}},"6":{"start":{"line":63,"column":8},"end":{"line":63,"column":31}},"7":{"start":{"line":70,"column":8},"end":{"line":70,"column":22}},"8":{"start":{"line":71,"column":8},"end":{"line":71,"column":33}}},"branchMap":{"1":{"line":46,"type":"if","locations":[{"start":{"line":46,"column":8},"end":{"line":46,"column":8}},{"start":{"line":46,"column":8},"end":{"line":46,"column":8}}]},"2":{"line":54,"type":"if","locations":[{"start":{"line":54,"column":8},"end":{"line":54,"column":8}},{"start":{"line":54,"column":8},"end":{"line":54,"column":8}}]}}},
"contracts/klaytn-contracts/lifecycle/SelfDestructible.sol":{"l":{"7":0},"path":"/Users/nodias/Documents/workspace/solidity/klaytn-hardhat-example/contracts/klaytn-contracts/lifecycle/SelfDestructible.sol","s":{"1":0},"b":{},"f":{"1":0},"fnMap":{"1":{"name":"destroy","line":6,"loc":{"start":{"line":6,"column":4},"end":{"line":8,"column":4}}}},"statementMap":{"1":{"start":{"line":7,"column":8},"end":{"line":7,"column":28}}},"branchMap":{}},
"contracts/klaytn-contracts/math/SafeMath.sol":{"l":{"27":29,"28":29,"30":29,"43":6,"58":6,"59":6,"61":6,"77":12,"78":0,"81":12,"82":12,"84":12,"99":1,"117":1,"118":1,"121":1,"136":0,"153":0,"154":0},"path":"/Users/nodias/Documents/workspace/solidity/klaytn-hardhat-example/contracts/klaytn-contracts/math/SafeMath.sol","s":{"1":29,"2":29,"3":29,"4":6,"5":6,"6":6,"7":6,"8":12,"9":0,"10":12,"11":12,"12":12,"13":1,"14":1,"15":1,"16":1,"17":0,"18":0,"19":0},"b":{"1":[29,0],"2":[6,0],"3":[0,12],"4":[12,0],"5":[1,0],"6":[0,0]},"f":{"1":29,"2":6,"3":6,"4":12,"5":1,"6":1,"7":0,"8":0},"fnMap":{"1":{"name":"add","line":26,"loc":{"start":{"line":26,"column":4},"end":{"line":31,"column":4}}},"2":{"name":"sub","line":42,"loc":{"start":{"line":42,"column":4},"end":{"line":44,"column":4}}},"3":{"name":"sub","line":57,"loc":{"start":{"line":57,"column":4},"end":{"line":62,"column":4}}},"4":{"name":"mul","line":73,"loc":{"start":{"line":73,"column":4},"end":{"line":85,"column":4}}},"5":{"name":"div","line":98,"loc":{"start":{"line":98,"column":4},"end":{"line":100,"column":4}}},"6":{"name":"div","line":115,"loc":{"start":{"line":115,"column":4},"end":{"line":122,"column":4}}},"7":{"name":"mod","line":135,"loc":{"start":{"line":135,"column":4},"end":{"line":137,"column":4}}},"8":{"name":"mod","line":152,"loc":{"start":{"line":152,"column":4},"end":{"line":155,"column":4}}}},"statementMap":{"1":{"start":{"line":27,"column":8},"end":{"line":27,"column":25}},"2":{"start":{"line":28,"column":8},"end":{"line":28,"column":53}},"3":{"start":{"line":30,"column":8},"end":{"line":30,"column":16}},"4":{"start":{"line":43,"column":8},"end":{"line":43,"column":58}},"5":{"start":{"line":58,"column":8},"end":{"line":58,"column":36}},"6":{"start":{"line":59,"column":8},"end":{"line":59,"column":25}},"7":{"start":{"line":61,"column":8},"end":{"line":61,"column":16}},"8":{"start":{"line":77,"column":8},"end":{"line":77,"column":2463}},"9":{"start":{"line":78,"column":12},"end":{"line":78,"column":20}},"10":{"start":{"line":81,"column":8},"end":{"line":81,"column":25}},"11":{"start":{"line":82,"column":8},"end":{"line":82,"column":63}},"12":{"start":{"line":84,"column":8},"end":{"line":84,"column":16}},"13":{"start":{"line":99,"column":8},"end":{"line":99,"column":54}},"14":{"start":{"line":117,"column":8},"end":{"line":117,"column":35}},"15":{"start":{"line":118,"column":8},"end":{"line":118,"column":25}},"16":{"start":{"line":121,"column":8},"end":{"line":121,"column":16}},"17":{"start":{"line":136,"column":8},"end":{"line":136,"column":52}},"18":{"start":{"line":153,"column":8},"end":{"line":153,"column":36}},"19":{"start":{"line":154,"column":8},"end":{"line":154,"column":20}}},"branchMap":{"1":{"line":28,"type":"if","locations":[{"start":{"line":28,"column":8},"end":{"line":28,"column":8}},{"start":{"line":28,"column":8},"end":{"line":28,"column":8}}]},"2":{"line":58,"type":"if","locations":[{"start":{"line":58,"column":8},"end":{"line":58,"column":8}},{"start":{"line":58,"column":8},"end":{"line":58,"column":8}}]},"3":{"line":77,"type":"if","locations":[{"start":{"line":77,"column":8},"end":{"line":77,"column":8}},{"start":{"line":77,"column":8},"end":{"line":77,"column":8}}]},"4":{"line":82,"type":"if","locations":[{"start":{"line":82,"column":8},"end":{"line":82,"column":8}},{"start":{"line":82,"column":8},"end":{"line":82,"column":8}}]},"5":{"line":117,"type":"if","locations":[{"start":{"line":117,"column":8},"end":{"line":117,"column":8}},{"start":{"line":117,"column":8},"end":{"line":117,"column":8}}]},"6":{"line":153,"type":"if","locations":[{"start":{"line":153,"column":8},"end":{"line":153,"column":8}},{"start":{"line":153,"column":8},"end":{"line":153,"column":8}}]}}},
"contracts/klaytn-contracts/Migrations.sol":{"l":{"8":0,"12":0,"16":0},"path":"/Users/nodias/Documents/workspace/solidity/klaytn-hardhat-example/contracts/klaytn-contracts/Migrations.sol","s":{"1":0,"2":0,"3":0},"b":{"1":[0,0]},"f":{"1":0,"2":0,"3":0},"fnMap":{"1":{"name":"constructor","line":7,"loc":{"start":{"line":7,"column":2},"end":{"line":9,"column":2}}},"2":{"name":"restricted","line":11,"loc":{"start":{"line":11,"column":2},"end":{"line":13,"column":2}}},"3":{"name":"setCompleted","line":15,"loc":{"start":{"line":15,"column":2},"end":{"line":17,"column":2}}}},"statementMap":{"1":{"start":{"line":8,"column":4},"end":{"line":8,"column":21}},"2":{"start":{"line":12,"column":4},"end":{"line":12,"column":30}},"3":{"start":{"line":16,"column":4},"end":{"line":16,"column":39}}},"branchMap":{"1":{"line":12,"type":"if","locations":[{"start":{"line":12,"column":4},"end":{"line":12,"column":4}},{"start":{"line":12,"column":4},"end":{"line":12,"column":4}}]}}},
"contracts/klaytn-contracts/mocks/ERC1155ReceiverMock.sol":{"l":{"25":0,"26":0,"27":0,"28":0,"41":0,"42":0,"43":0,"56":0,"57":0,"58":0},"path":"/Users/nodias/Documents/workspace/solidity/klaytn-hardhat-example/contracts/klaytn-contracts/mocks/ERC1155ReceiverMock.sol","s":{"1":0,"2":0,"3":0,"4":0,"5":0,"6":0,"7":0,"8":0,"9":0,"10":0},"b":{"1":[0,0],"2":[0,0]},"f":{"1":0,"2":0,"3":0},"fnMap":{"1":{"name":"constructor","line":17,"loc":{"start":{"line":17,"column":4},"end":{"line":29,"column":4}}},"2":{"name":"onERC1155Received","line":31,"loc":{"start":{"line":31,"column":4},"end":{"line":44,"column":4}}},"3":{"name":"onERC1155BatchReceived","line":46,"loc":{"start":{"line":46,"column":4},"end":{"line":59,"column":4}}}},"statementMap":{"1":{"start":{"line":25,"column":8},"end":{"line":25,"column":29}},"2":{"start":{"line":26,"column":8},"end":{"line":26,"column":31}},"3":{"start":{"line":27,"column":8},"end":{"line":27,"column":29}},"4":{"start":{"line":28,"column":8},"end":{"line":28,"column":31}},"5":{"start":{"line":41,"column":8},"end":{"line":41,"column":73}},"6":{"start":{"line":42,"column":8},"end":{"line":42,"column":65}},"7":{"start":{"line":43,"column":8},"end":{"line":43,"column":25}},"8":{"start":{"line":56,"column":8},"end":{"line":56,"column":79}},"9":{"start":{"line":57,"column":8},"end":{"line":57,"column":72}},"10":{"start":{"line":58,"column":8},"end":{"line":58,"column":25}}},"branchMap":{"1":{"line":41,"type":"if","locations":[{"start":{"line":41,"column":8},"end":{"line":41,"column":8}},{"start":{"line":41,"column":8},"end":{"line":41,"column":8}}]},"2":{"line":56,"type":"if","locations":[{"start":{"line":56,"column":8},"end":{"line":56,"column":8}},{"start":{"line":56,"column":8},"end":{"line":56,"column":8}}]}}},
"contracts/klaytn-contracts/mocks/ERC721ReceiverMock.sol":{"l":{"11":0,"17":0,"18":0},"path":"/Users/nodias/Documents/workspace/solidity/klaytn-hardhat-example/contracts/klaytn-contracts/mocks/ERC721ReceiverMock.sol","s":{"1":0,"2":0,"3":0},"b":{},"f":{"1":0,"2":0},"fnMap":{"1":{"name":"constructor","line":10,"loc":{"start":{"line":10,"column":4},"end":{"line":12,"column":4}}},"2":{"name":"onERC721Received","line":14,"loc":{"start":{"line":14,"column":4},"end":{"line":19,"column":4}}}},"statementMap":{"1":{"start":{"line":11,"column":8},"end":{"line":11,"column":23}},"2":{"start":{"line":17,"column":8},"end":{"line":17,"column":63}},"3":{"start":{"line":18,"column":8},"end":{"line":18,"column":22}}},"branchMap":{}},
"contracts/klaytn-contracts/mocks/KIP13/KIP13InterfacesSupported.sol":{"l":{"31":0,"38":0,"45":0,"46":0,"52":0,"53":0},"path":"/Users/nodias/Documents/workspace/solidity/klaytn-hardhat-example/contracts/klaytn-contracts/mocks/KIP13/KIP13InterfacesSupported.sol","s":{"1":0,"2":0,"3":0,"4":0,"5":0,"6":0},"b":{"1":[0,0]},"f":{"1":0,"2":0,"3":0,"4":0},"fnMap":{"1":{"name":"constructor","line":30,"loc":{"start":{"line":30,"column":4},"end":{"line":32,"column":4}}},"2":{"name":"supportsInterface","line":37,"loc":{"start":{"line":37,"column":4},"end":{"line":39,"column":4}}},"3":{"name":"_registerInterface","line":44,"loc":{"start":{"line":44,"column":4},"end":{"line":47,"column":4}}},"4":{"name":"constructor","line":51,"loc":{"start":{"line":51,"column":4},"end":{"line":55,"column":4}}}},"statementMap":{"1":{"start":{"line":31,"column":8},"end":{"line":31,"column":45}},"2":{"start":{"line":38,"column":8},"end":{"line":38,"column":48}},"3":{"start":{"line":45,"column":8},"end":{"line":45,"column":91}},"4":{"start":{"line":46,"column":8},"end":{"line":46,"column":47}},"5":{"start":{"line":52,"column":8},"end":{"line":52,"column":1791}},"6":{"start":{"line":53,"column":12},"end":{"line":53,"column":46}}},"branchMap":{"1":{"line":45,"type":"if","locations":[{"start":{"line":45,"column":8},"end":{"line":45,"column":8}},{"start":{"line":45,"column":8},"end":{"line":45,"column":8}}]}}},
"contracts/klaytn-contracts/mocks/KIP13/KIP13NotSupported.sol":{"l":{},"path":"/Users/nodias/Documents/workspace/solidity/klaytn-hardhat-example/contracts/klaytn-contracts/mocks/KIP13/KIP13NotSupported.sol","s":{},"b":{},"f":{},"fnMap":{},"statementMap":{},"branchMap":{}},
"contracts/klaytn-contracts/mocks/KIP13CheckerMock.sol":{"l":{"9":0,"13":0,"17":0},"path":"/Users/nodias/Documents/workspace/solidity/klaytn-hardhat-example/contracts/klaytn-contracts/mocks/KIP13CheckerMock.sol","s":{"1":0,"2":0,"3":0},"b":{},"f":{"1":0,"2":0,"3":0},"fnMap":{"1":{"name":"supportsKIP13","line":8,"loc":{"start":{"line":8,"column":4},"end":{"line":10,"column":4}}},"2":{"name":"supportsInterface","line":12,"loc":{"start":{"line":12,"column":4},"end":{"line":14,"column":4}}},"3":{"name":"supportsAllInterfaces","line":16,"loc":{"start":{"line":16,"column":4},"end":{"line":18,"column":4}}}},"statementMap":{"1":{"start":{"line":9,"column":8},"end":{"line":9,"column":39}},"2":{"start":{"line":13,"column":8},"end":{"line":13,"column":54}},"3":{"start":{"line":17,"column":8},"end":{"line":17,"column":59}}},"branchMap":{}},
"contracts/klaytn-contracts/mocks/KIP13Mock.sol":{"l":{"7":0},"path":"/Users/nodias/Documents/workspace/solidity/klaytn-hardhat-example/contracts/klaytn-contracts/mocks/KIP13Mock.sol","s":{"1":0},"b":{},"f":{"1":0},"fnMap":{"1":{"name":"registerInterface","line":6,"loc":{"start":{"line":6,"column":4},"end":{"line":8,"column":4}}}},"statementMap":{"1":{"start":{"line":7,"column":8},"end":{"line":7,"column":38}}},"branchMap":{}},
"contracts/klaytn-contracts/mocks/KIP17FullMock.sol":{"l":{"19":0,"23":0,"27":0},"path":"/Users/nodias/Documents/workspace/solidity/klaytn-hardhat-example/contracts/klaytn-contracts/mocks/KIP17FullMock.sol","s":{"1":0,"2":0,"3":0},"b":{},"f":{"1":0,"2":0,"3":0,"4":0},"fnMap":{"1":{"name":"constructor","line":14,"loc":{"start":{"line":14,"column":4},"end":{"line":16,"column":4}}},"2":{"name":"exists","line":18,"loc":{"start":{"line":18,"column":4},"end":{"line":20,"column":4}}},"3":{"name":"tokensOfOwner","line":22,"loc":{"start":{"line":22,"column":4},"end":{"line":24,"column":4}}},"4":{"name":"setTokenURI","line":26,"loc":{"start":{"line":26,"column":4},"end":{"line":28,"column":4}}}},"statementMap":{"1":{"start":{"line":19,"column":8},"end":{"line":19,"column":31}},"2":{"start":{"line":23,"column":8},"end":{"line":23,"column":36}},"3":{"start":{"line":27,"column":8},"end":{"line":27,"column":33}}},"branchMap":{}},
"contracts/klaytn-contracts/mocks/KIP17MintableBurnableImpl.sol":{"l":{},"path":"/Users/nodias/Documents/workspace/solidity/klaytn-hardhat-example/contracts/klaytn-contracts/mocks/KIP17MintableBurnableImpl.sol","s":{},"b":{},"f":{"1":0},"fnMap":{"1":{"name":"constructor","line":12,"loc":{"start":{"line":12,"column":4},"end":{"line":14,"column":4}}}},"statementMap":{},"branchMap":{}},
"contracts/klaytn-contracts/mocks/KIP17Mock.sol":{"l":{"11":0,"15":0,"19":0},"path":"/Users/nodias/Documents/workspace/solidity/klaytn-hardhat-example/contracts/klaytn-contracts/mocks/KIP17Mock.sol","s":{"1":0,"2":0,"3":0},"b":{},"f":{"1":0,"2":0,"3":0},"fnMap":{"1":{"name":"mint","line":10,"loc":{"start":{"line":10,"column":4},"end":{"line":12,"column":4}}},"2":{"name":"burn","line":14,"loc":{"start":{"line":14,"column":4},"end":{"line":16,"column":4}}},"3":{"name":"burn","line":18,"loc":{"start":{"line":18,"column":4},"end":{"line":20,"column":4}}}},"statementMap":{"1":{"start":{"line":11,"column":8},"end":{"line":11,"column":25}},"2":{"start":{"line":15,"column":8},"end":{"line":15,"column":28}},"3":{"start":{"line":19,"column":8},"end":{"line":19,"column":21}}},"branchMap":{}},
"contracts/klaytn-contracts/mocks/KIP17PausableMock.sol":{"l":{"12":0,"16":0,"20":0},"path":"/Users/nodias/Documents/workspace/solidity/klaytn-hardhat-example/contracts/klaytn-contracts/mocks/KIP17PausableMock.sol","s":{"1":0,"2":0,"3":0},"b":{},"f":{"1":0,"2":0,"3":0},"fnMap":{"1":{"name":"mint","line":11,"loc":{"start":{"line":11,"column":4},"end":{"line":13,"column":4}}},"2":{"name":"burn","line":15,"loc":{"start":{"line":15,"column":4},"end":{"line":17,"column":4}}},"3":{"name":"exists","line":19,"loc":{"start":{"line":19,"column":4},"end":{"line":21,"column":4}}}},"statementMap":{"1":{"start":{"line":12,"column":8},"end":{"line":12,"column":31}},"2":{"start":{"line":16,"column":8},"end":{"line":16,"column":27}},"3":{"start":{"line":20,"column":8},"end":{"line":20,"column":37}}},"branchMap":{}},
"contracts/klaytn-contracts/mocks/KIP17ReceiverMock.sol":{"l":{"11":0,"17":0,"18":0},"path":"/Users/nodias/Documents/workspace/solidity/klaytn-hardhat-example/contracts/klaytn-contracts/mocks/KIP17ReceiverMock.sol","s":{"1":0,"2":0,"3":0},"b":{},"f":{"1":0,"2":0},"fnMap":{"1":{"name":"constructor","line":10,"loc":{"start":{"line":10,"column":4},"end":{"line":12,"column":4}}},"2":{"name":"onKIP17Received","line":14,"loc":{"start":{"line":14,"column":4},"end":{"line":19,"column":4}}}},"statementMap":{"1":{"start":{"line":11,"column":8},"end":{"line":11,"column":23}},"2":{"start":{"line":17,"column":8},"end":{"line":17,"column":63}},"3":{"start":{"line":18,"column":8},"end":{"line":18,"column":22}}},"branchMap":{}},
"contracts/klaytn-contracts/mocks/KIP37BurnableMock.sol":{"l":{"11":0},"path":"/Users/nodias/Documents/workspace/solidity/klaytn-hardhat-example/contracts/klaytn-contracts/mocks/KIP37BurnableMock.sol","s":{"1":0},"b":{},"f":{"1":0,"2":0},"fnMap":{"1":{"name":"constructor","line":8,"loc":{"start":{"line":8,"column":4},"end":{"line":8,"column":55}}},"2":{"name":"mint","line":10,"loc":{"start":{"line":10,"column":4},"end":{"line":12,"column":4}}}},"statementMap":{"1":{"start":{"line":11,"column":8},"end":{"line":11,"column":33}}},"branchMap":{}},
"contracts/klaytn-contracts/mocks/KIP37Mock.sol":{"l":{"17":0,"21":0,"25":0,"29":0,"33":0},"path":"/Users/nodias/Documents/workspace/solidity/klaytn-hardhat-example/contracts/klaytn-contracts/mocks/KIP37Mock.sol","s":{"1":0,"2":0,"3":0,"4":0,"5":0},"b":{},"f":{"1":0,"2":0,"3":0,"4":0,"5":0,"6":0},"fnMap":{"1":{"name":"constructor","line":12,"loc":{"start":{"line":12,"column":4},"end":{"line":14,"column":4}}},"2":{"name":"setURI","line":16,"loc":{"start":{"line":16,"column":4},"end":{"line":18,"column":4}}},"3":{"name":"mint","line":20,"loc":{"start":{"line":20,"column":4},"end":{"line":22,"column":4}}},"4":{"name":"mintBatch","line":24,"loc":{"start":{"line":24,"column":4},"end":{"line":26,"column":4}}},"5":{"name":"burn","line":28,"loc":{"start":{"line":28,"column":4},"end":{"line":30,"column":4}}},"6":{"name":"burnBatch","line":32,"loc":{"start":{"line":32,"column":4},"end":{"line":34,"column":4}}}},"statementMap":{"1":{"start":{"line":17,"column":8},"end":{"line":17,"column":22}},"2":{"start":{"line":21,"column":8},"end":{"line":21,"column":33}},"3":{"start":{"line":25,"column":8},"end":{"line":25,"column":40}},"4":{"start":{"line":29,"column":8},"end":{"line":29,"column":30}},"5":{"start":{"line":33,"column":8},"end":{"line":33,"column":37}}},"branchMap":{}},
"contracts/klaytn-contracts/mocks/KIP37PausableMock.sol":{"l":{"21":0},"path":"/Users/nodias/Documents/workspace/solidity/klaytn-hardhat-example/contracts/klaytn-contracts/mocks/KIP37PausableMock.sol","s":{"1":0},"b":{},"f":{"1":0,"2":0},"fnMap":{"1":{"name":"constructor","line":9,"loc":{"start":{"line":9,"column":4},"end":{"line":9,"column":59}}},"2":{"name":"_beforeTokenTransfer","line":11,"loc":{"start":{"line":11,"column":4},"end":{"line":22,"column":4}}}},"statementMap":{"1":{"start":{"line":21,"column":8},"end":{"line":21,"column":73}}},"branchMap":{}},
"contracts/klaytn-contracts/mocks/KIP37ReceiverMock.sol":{"l":{"25":0,"26":0,"27":0,"28":0,"41":0,"42":0,"55":0,"56":0},"path":"/Users/nodias/Documents/workspace/solidity/klaytn-hardhat-example/contracts/klaytn-contracts/mocks/KIP37ReceiverMock.sol","s":{"1":0,"2":0,"3":0,"4":0,"5":0,"6":0,"7":0,"8":0},"b":{},"f":{"1":0,"2":0,"3":0},"fnMap":{"1":{"name":"constructor","line":17,"loc":{"start":{"line":17,"column":4},"end":{"line":29,"column":4}}},"2":{"name":"onKIP37Received","line":31,"loc":{"start":{"line":31,"column":4},"end":{"line":43,"column":4}}},"3":{"name":"onKIP37BatchReceived","line":45,"loc":{"start":{"line":45,"column":4},"end":{"line":57,"column":4}}}},"statementMap":{"1":{"start":{"line":25,"column":8},"end":{"line":25,"column":29}},"2":{"start":{"line":26,"column":8},"end":{"line":26,"column":31}},"3":{"start":{"line":27,"column":8},"end":{"line":27,"column":29}},"4":{"start":{"line":28,"column":8},"end":{"line":28,"column":31}},"5":{"start":{"line":41,"column":8},"end":{"line":41,"column":65}},"6":{"start":{"line":42,"column":8},"end":{"line":42,"column":25}},"7":{"start":{"line":55,"column":8},"end":{"line":55,"column":72}},"8":{"start":{"line":56,"column":8},"end":{"line":56,"column":25}}},"branchMap":{}},
"contracts/klaytn-contracts/mocks/KIP37TokenMock.sol":{"l":{},"path":"/Users/nodias/Documents/workspace/solidity/klaytn-hardhat-example/contracts/klaytn-contracts/mocks/KIP37TokenMock.sol","s":{},"b":{},"f":{"1":0},"fnMap":{"1":{"name":"constructor","line":12,"loc":{"start":{"line":12,"column":4},"end":{"line":14,"column":4}}}},"statementMap":{},"branchMap":{}},
"contracts/klaytn-contracts/mocks/KIP7BurnableMock.sol":{"l":{"7":0},"path":"/Users/nodias/Documents/workspace/solidity/klaytn-hardhat-example/contracts/klaytn-contracts/mocks/KIP7BurnableMock.sol","s":{"1":0},"b":{},"f":{"1":0},"fnMap":{"1":{"name":"constructor","line":6,"loc":{"start":{"line":6,"column":4},"end":{"line":8,"column":4}}}},"statementMap":{"1":{"start":{"line":7,"column":8},"end":{"line":7,"column":44}}},"branchMap":{}},
"contracts/klaytn-contracts/mocks/KIP7MetadataMock.sol":{"l":{},"path":"/Users/nodias/Documents/workspace/solidity/klaytn-hardhat-example/contracts/klaytn-contracts/mocks/KIP7MetadataMock.sol","s":{},"b":{},"f":{"1":0},"fnMap":{"1":{"name":"constructor","line":9,"loc":{"start":{"line":7,"column":4},"end":{"line":12,"column":4}}}},"statementMap":{},"branchMap":{}},
"contracts/klaytn-contracts/mocks/KIP7MintableMock.sol":{"l":{},"path":"/Users/nodias/Documents/workspace/solidity/klaytn-hardhat-example/contracts/klaytn-contracts/mocks/KIP7MintableMock.sol","s":{},"b":{},"f":{},"fnMap":{},"statementMap":{},"branchMap":{}},
"contracts/klaytn-contracts/mocks/KIP7Mock.sol":{"l":{"8":0,"12":0,"16":0,"20":0,"24":0,"28":0},"path":"/Users/nodias/Documents/workspace/solidity/klaytn-hardhat-example/contracts/klaytn-contracts/mocks/KIP7Mock.sol","s":{"1":0,"2":0,"3":0,"4":0,"5":0,"6":0},"b":{},"f":{"1":0,"2":0,"3":0,"4":0,"5":0,"6":0},"fnMap":{"1":{"name":"constructor","line":7,"loc":{"start":{"line":7,"column":4},"end":{"line":9,"column":4}}},"2":{"name":"mint","line":11,"loc":{"start":{"line":11,"column":4},"end":{"line":13,"column":4}}},"3":{"name":"burn","line":15,"loc":{"start":{"line":15,"column":4},"end":{"line":17,"column":4}}},"4":{"name":"burnFrom","line":19,"loc":{"start":{"line":19,"column":4},"end":{"line":21,"column":4}}},"5":{"name":"transferInternal","line":23,"loc":{"start":{"line":23,"column":4},"end":{"line":25,"column":4}}},"6":{"name":"approveInternal","line":27,"loc":{"start":{"line":27,"column":4},"end":{"line":29,"column":4}}}},"statementMap":{"1":{"start":{"line":8,"column":8},"end":{"line":8,"column":44}},"2":{"start":{"line":12,"column":8},"end":{"line":12,"column":29}},"3":{"start":{"line":16,"column":8},"end":{"line":16,"column":29}},"4":{"start":{"line":20,"column":8},"end":{"line":20,"column":33}},"5":{"start":{"line":24,"column":8},"end":{"line":24,"column":33}},"6":{"start":{"line":28,"column":8},"end":{"line":28,"column":38}}},"branchMap":{}},
"contracts/klaytn-contracts/mocks/KIP7PausableMock.sol":{"l":{"9":0},"path":"/Users/nodias/Documents/workspace/solidity/klaytn-hardhat-example/contracts/klaytn-contracts/mocks/KIP7PausableMock.sol","s":{"1":0},"b":{},"f":{"1":0},"fnMap":{"1":{"name":"constructor","line":8,"loc":{"start":{"line":8,"column":4},"end":{"line":10,"column":4}}}},"statementMap":{"1":{"start":{"line":9,"column":8},"end":{"line":9,"column":44}}},"branchMap":{}},
"contracts/klaytn-contracts/mocks/MinterRoleMock.sol":{"l":{"7":0,"16":0},"path":"/Users/nodias/Documents/workspace/solidity/klaytn-hardhat-example/contracts/klaytn-contracts/mocks/MinterRoleMock.sol","s":{"1":0,"2":0},"b":{},"f":{"1":0,"2":0,"3":0},"fnMap":{"1":{"name":"removeMinter","line":6,"loc":{"start":{"line":6,"column":4},"end":{"line":8,"column":4}}},"2":{"name":"onlyMinterMock","line":10,"loc":{"start":{"line":10,"column":4},"end":{"line":12,"column":4}}},"3":{"name":"_removeMinter","line":15,"loc":{"start":{"line":15,"column":4},"end":{"line":17,"column":4}}}},"statementMap":{"1":{"start":{"line":7,"column":8},"end":{"line":7,"column":29}},"2":{"start":{"line":16,"column":8},"end":{"line":16,"column":35}}},"branchMap":{}},
"contracts/klaytn-contracts/mocks/PauserRoleMock.sol":{"l":{"7":0,"16":0},"path":"/Users/nodias/Documents/workspace/solidity/klaytn-hardhat-example/contracts/klaytn-contracts/mocks/PauserRoleMock.sol","s":{"1":0,"2":0},"b":{},"f":{"1":0,"2":0,"3":0},"fnMap":{"1":{"name":"removePauser","line":6,"loc":{"start":{"line":6,"column":4},"end":{"line":8,"column":4}}},"2":{"name":"onlyPauserMock","line":10,"loc":{"start":{"line":10,"column":4},"end":{"line":12,"column":4}}},"3":{"name":"_removePauser","line":15,"loc":{"start":{"line":15,"column":4},"end":{"line":17,"column":4}}}},"statementMap":{"1":{"start":{"line":7,"column":8},"end":{"line":7,"column":29}},"2":{"start":{"line":16,"column":8},"end":{"line":16,"column":35}}},"branchMap":{}},
"contracts/klaytn-contracts/ownership/Ownable.sol":{"l":{"21":6,"22":6,"29":0,"36":26,"37":26,"44":26,"55":0,"56":0,"64":0,"71":0,"72":0,"73":0},"path":"/Users/nodias/Documents/workspace/solidity/klaytn-hardhat-example/contracts/klaytn-contracts/ownership/Ownable.sol","s":{"1":6,"2":6,"3":0,"4":26,"5":26,"6":0,"7":0,"8":0,"9":0,"10":0,"11":0},"b":{"1":[26,0],"2":[0,0]},"f":{"1":6,"2":0,"3":26,"4":26,"5":0,"6":0,"7":0},"fnMap":{"1":{"name":"constructor","line":20,"loc":{"start":{"line":20,"column":4},"end":{"line":23,"column":4}}},"2":{"name":"owner","line":28,"loc":{"start":{"line":28,"column":4},"end":{"line":30,"column":4}}},"3":{"name":"onlyOwner","line":35,"loc":{"start":{"line":35,"column":4},"end":{"line":38,"column":4}}},"4":{"name":"isOwner","line":43,"loc":{"start":{"line":43,"column":4},"end":{"line":45,"column":4}}},"5":{"name":"renounceOwnership","line":54,"loc":{"start":{"line":54,"column":4},"end":{"line":57,"column":4}}},"6":{"name":"transferOwnership","line":63,"loc":{"start":{"line":63,"column":4},"end":{"line":65,"column":4}}},"7":{"name":"_transferOwnership","line":70,"loc":{"start":{"line":70,"column":4},"end":{"line":74,"column":4}}}},"statementMap":{"1":{"start":{"line":21,"column":8},"end":{"line":21,"column":26}},"2":{"start":{"line":22,"column":8},"end":{"line":22,"column":53}},"3":{"start":{"line":29,"column":8},"end":{"line":29,"column":21}},"4":{"start":{"line":36,"column":8},"end":{"line":36,"column":61}},"5":{"start":{"line":44,"column":8},"end":{"line":44,"column":35}},"6":{"start":{"line":55,"column":8},"end":{"line":55,"column":53}},"7":{"start":{"line":56,"column":8},"end":{"line":56,"column":26}},"8":{"start":{"line":64,"column":8},"end":{"line":64,"column":35}},"9":{"start":{"line":71,"column":8},"end":{"line":71,"column":80}},"10":{"start":{"line":72,"column":8},"end":{"line":72,"column":51}},"11":{"start":{"line":73,"column":8},"end":{"line":73,"column":24}}},"branchMap":{"1":{"line":36,"type":"if","locations":[{"start":{"line":36,"column":8},"end":{"line":36,"column":8}},{"start":{"line":36,"column":8},"end":{"line":36,"column":8}}]},"2":{"line":71,"type":"if","locations":[{"start":{"line":71,"column":8},"end":{"line":71,"column":8}},{"start":{"line":71,"column":8},"end":{"line":71,"column":8}}]}}},
"contracts/klaytn-contracts/token/KIP17/IERC721Receiver.sol":{"l":{},"path":"/Users/nodias/Documents/workspace/solidity/klaytn-hardhat-example/contracts/klaytn-contracts/token/KIP17/IERC721Receiver.sol","s":{},"b":{},"f":{},"fnMap":{},"statementMap":{},"branchMap":{}},
"contracts/klaytn-contracts/token/KIP17/IKIP17.sol":{"l":{},"path":"/Users/nodias/Documents/workspace/solidity/klaytn-hardhat-example/contracts/klaytn-contracts/token/KIP17/IKIP17.sol","s":{},"b":{},"f":{},"fnMap":{},"statementMap":{},"branchMap":{}},
"contracts/klaytn-contracts/token/KIP17/IKIP17Enumerable.sol":{"l":{},"path":"/Users/nodias/Documents/workspace/solidity/klaytn-hardhat-example/contracts/klaytn-contracts/token/KIP17/IKIP17Enumerable.sol","s":{},"b":{},"f":{},"fnMap":{},"statementMap":{},"branchMap":{}},
"contracts/klaytn-contracts/token/KIP17/IKIP17Full.sol":{"l":{},"path":"/Users/nodias/Documents/workspace/solidity/klaytn-hardhat-example/contracts/klaytn-contracts/token/KIP17/IKIP17Full.sol","s":{},"b":{},"f":{},"fnMap":{},"statementMap":{},"branchMap":{}},
"contracts/klaytn-contracts/token/KIP17/IKIP17Metadata.sol":{"l":{},"path":"/Users/nodias/Documents/workspace/solidity/klaytn-hardhat-example/contracts/klaytn-contracts/token/KIP17/IKIP17Metadata.sol","s":{},"b":{},"f":{},"fnMap":{},"statementMap":{},"branchMap":{}},
"contracts/klaytn-contracts/token/KIP17/IKIP17Receiver.sol":{"l":{},"path":"/Users/nodias/Documents/workspace/solidity/klaytn-hardhat-example/contracts/klaytn-contracts/token/KIP17/IKIP17Receiver.sol","s":{},"b":{},"f":{},"fnMap":{},"statementMap":{},"branchMap":{}},
"contracts/klaytn-contracts/token/KIP17/KIP17.sol":{"l":{"58":0,"67":0,"69":0,"78":0,"79":0,"81":0,"93":0,"94":0,"96":0,"100":0,"101":0,"111":0,"113":0,"123":0,"125":0,"126":0,"136":0,"149":0,"151":0,"166":0,"182":0,"183":0,"192":0,"193":0,"204":0,"205":0,"206":0,"216":0,"217":0,"219":0,"220":0,"222":0,"233":0,"235":0,"237":0,"238":0,"240":0,"249":0,"260":0,"261":0,"263":0,"265":0,"266":0,"268":0,"270":0,"287":0,"288":0,"290":0,"291":0,"295":0,"298":0,"299":0,"302":0,"305":0,"306":0,"309":0,"317":0,"318":0},"path":"/Users/nodias/Documents/workspace/solidity/klaytn-hardhat-example/contracts/klaytn-contracts/token/KIP17/KIP17.sol","s":{"1":0,"2":0,"3":0,"4":0,"5":0,"6":0,"7":0,"8":0,"9":0,"10":0,"11":0,"12":0,"13":0,"14":0,"15":0,"16":0,"17":0,"18":0,"19":0,"20":0,"21":0,"22":0,"23":0,"24":0,"25":0,"26":0,"27":0,"28":0,"29":0,"30":0,"31":0,"32":0,"33":0,"34":0,"35":0,"36":0,"37":0,"38":0,"39":0,"40":0,"41":0,"42":0,"43":0,"44":0,"45":0,"46":0,"47":0,"48":0,"49":0,"50":0,"51":0,"52":0,"53":0,"54":0,"55":0,"56":0,"57":0,"58":0},"b":{"1":[0,0],"2":[0,0],"3":[0,0],"4":[0,0],"5":[0,0],"6":[0,0],"7":[0,0],"8":[0,0],"9":[0,0],"10":[0,0],"11":[0,0],"12":[0,0],"13":[0,0],"14":[0,0],"15":[0,0],"16":[0,0],"17":[0,0],"18":[0,0]},"f":{"1":0,"2":0,"3":0,"4":0,"5":0,"6":0,"7":0,"8":0,"9":0,"10":0,"11":0,"12":0,"13":0,"14":0,"15":0,"16":0,"17":0,"18":0},"fnMap":{"1":{"name":"constructor","line":56,"loc":{"start":{"line":56,"column":4},"end":{"line":59,"column":4}}},"2":{"name":"balanceOf","line":66,"loc":{"start":{"line":66,"column":4},"end":{"line":70,"column":4}}},"3":{"name":"ownerOf","line":77,"loc":{"start":{"line":77,"column":4},"end":{"line":82,"column":4}}},"4":{"name":"approve","line":92,"loc":{"start":{"line":92,"column":4},"end":{"line":102,"column":4}}},"5":{"name":"getApproved","line":110,"loc":{"start":{"line":110,"column":4},"end":{"line":114,"column":4}}},"6":{"name":"setApprovalForAll","line":122,"loc":{"start":{"line":122,"column":4},"end":{"line":127,"column":4}}},"7":{"name":"isApprovedForAll","line":135,"loc":{"start":{"line":135,"column":4},"end":{"line":137,"column":4}}},"8":{"name":"transferFrom","line":147,"loc":{"start":{"line":147,"column":4},"end":{"line":152,"column":4}}},"9":{"name":"safeTransferFrom","line":165,"loc":{"start":{"line":165,"column":4},"end":{"line":167,"column":4}}},"10":{"name":"safeTransferFrom","line":181,"loc":{"start":{"line":181,"column":4},"end":{"line":184,"column":4}}},"11":{"name":"_exists","line":191,"loc":{"start":{"line":191,"column":4},"end":{"line":194,"column":4}}},"12":{"name":"_isApprovedOrOwner","line":203,"loc":{"start":{"line":203,"column":4},"end":{"line":207,"column":4}}},"13":{"name":"_mint","line":215,"loc":{"start":{"line":215,"column":4},"end":{"line":223,"column":4}}},"14":{"name":"_burn","line":232,"loc":{"start":{"line":232,"column":4},"end":{"line":241,"column":4}}},"15":{"name":"_burn","line":248,"loc":{"start":{"line":248,"column":4},"end":{"line":250,"column":4}}},"16":{"name":"_transferFrom","line":259,"loc":{"start":{"line":259,"column":4},"end":{"line":271,"column":4}}},"17":{"name":"_checkOnKIP17Received","line":284,"loc":{"start":{"line":284,"column":4},"end":{"line":310,"column":4}}},"18":{"name":"_clearApproval","line":316,"loc":{"start":{"line":316,"column":4},"end":{"line":320,"column":4}}}},"statementMap":{"1":{"start":{"line":58,"column":8},"end":{"line":58,"column":46}},"2":{"start":{"line":67,"column":8},"end":{"line":67,"column":80}},"3":{"start":{"line":69,"column":8},"end":{"line":69,"column":49}},"4":{"start":{"line":78,"column":8},"end":{"line":78,"column":44}},"5":{"start":{"line":79,"column":8},"end":{"line":79,"column":79}},"6":{"start":{"line":81,"column":8},"end":{"line":81,"column":20}},"7":{"start":{"line":93,"column":8},"end":{"line":93,"column":40}},"8":{"start":{"line":94,"column":8},"end":{"line":94,"column":63}},"9":{"start":{"line":96,"column":8},"end":{"line":96,"column":3984}},"10":{"start":{"line":100,"column":8},"end":{"line":100,"column":36}},"11":{"start":{"line":101,"column":8},"end":{"line":101,"column":41}},"12":{"start":{"line":111,"column":8},"end":{"line":111,"column":79}},"13":{"start":{"line":113,"column":8},"end":{"line":113,"column":39}},"14":{"start":{"line":123,"column":8},"end":{"line":123,"column":60}},"15":{"start":{"line":125,"column":8},"end":{"line":125,"column":52}},"16":{"start":{"line":126,"column":8},"end":{"line":126,"column":53}},"17":{"start":{"line":136,"column":8},"end":{"line":136,"column":50}},"18":{"start":{"line":149,"column":8},"end":{"line":149,"column":107}},"19":{"start":{"line":151,"column":8},"end":{"line":151,"column":39}},"20":{"start":{"line":166,"column":8},"end":{"line":166,"column":46}},"21":{"start":{"line":182,"column":8},"end":{"line":182,"column":38}},"22":{"start":{"line":183,"column":8},"end":{"line":183,"column":115}},"23":{"start":{"line":192,"column":8},"end":{"line":192,"column":44}},"24":{"start":{"line":193,"column":8},"end":{"line":193,"column":34}},"25":{"start":{"line":204,"column":8},"end":{"line":204,"column":79}},"26":{"start":{"line":205,"column":8},"end":{"line":205,"column":40}},"27":{"start":{"line":206,"column":8},"end":{"line":206,"column":104}},"28":{"start":{"line":216,"column":8},"end":{"line":216,"column":67}},"29":{"start":{"line":217,"column":8},"end":{"line":217,"column":64}},"30":{"start":{"line":219,"column":8},"end":{"line":219,"column":32}},"31":{"start":{"line":220,"column":8},"end":{"line":220,"column":40}},"32":{"start":{"line":222,"column":8},"end":{"line":222,"column":46}},"33":{"start":{"line":233,"column":8},"end":{"line":233,"column":81}},"34":{"start":{"line":235,"column":8},"end":{"line":235,"column":30}},"35":{"start":{"line":237,"column":8},"end":{"line":237,"column":43}},"36":{"start":{"line":238,"column":8},"end":{"line":238,"column":40}},"37":{"start":{"line":240,"column":8},"end":{"line":240,"column":49}},"38":{"start":{"line":249,"column":8},"end":{"line":249,"column":39}},"39":{"start":{"line":260,"column":8},"end":{"line":260,"column":84}},"40":{"start":{"line":261,"column":8},"end":{"line":261,"column":71}},"41":{"start":{"line":263,"column":8},"end":{"line":263,"column":30}},"42":{"start":{"line":265,"column":8},"end":{"line":265,"column":42}},"43":{"start":{"line":266,"column":8},"end":{"line":266,"column":40}},"44":{"start":{"line":268,"column":8},"end":{"line":268,"column":32}},"45":{"start":{"line":270,"column":8},"end":{"line":270,"column":40}},"46":{"start":{"line":287,"column":8},"end":{"line":287,"column":20}},"47":{"start":{"line":288,"column":8},"end":{"line":288,"column":31}},"48":{"start":{"line":290,"column":8},"end":{"line":290,"column":12220}},"49":{"start":{"line":291,"column":12},"end":{"line":291,"column":23}},"50":{"start":{"line":295,"column":8},"end":{"line":295,"column":12336}},"51":{"start":{"line":298,"column":8},"end":{"line":298,"column":12475}},"52":{"start":{"line":299,"column":12},"end":{"line":299,"column":23}},"53":{"start":{"line":302,"column":8},"end":{"line":302,"column":12605}},"54":{"start":{"line":305,"column":8},"end":{"line":305,"column":12743}},"55":{"start":{"line":306,"column":12},"end":{"line":306,"column":23}},"56":{"start":{"line":309,"column":8},"end":{"line":309,"column":20}},"57":{"start":{"line":317,"column":8},"end":{"line":317,"column":13112}},"58":{"start":{"line":318,"column":12},"end":{"line":318,"column":48}}},"branchMap":{"1":{"line":67,"type":"if","locations":[{"start":{"line":67,"column":8},"end":{"line":67,"column":8}},{"start":{"line":67,"column":8},"end":{"line":67,"column":8}}]},"2":{"line":79,"type":"if","locations":[{"start":{"line":79,"column":8},"end":{"line":79,"column":8}},{"start":{"line":79,"column":8},"end":{"line":79,"column":8}}]},"3":{"line":94,"type":"if","locations":[{"start":{"line":94,"column":8},"end":{"line":94,"column":8}},{"start":{"line":94,"column":8},"end":{"line":94,"column":8}}]},"4":{"line":96,"type":"if","locations":[{"start":{"line":96,"column":8},"end":{"line":96,"column":8}},{"start":{"line":96,"column":8},"end":{"line":96,"column":8}}]},"5":{"line":111,"type":"if","locations":[{"start":{"line":111,"column":8},"end":{"line":111,"column":8}},{"start":{"line":111,"column":8},"end":{"line":111,"column":8}}]},"6":{"line":123,"type":"if","locations":[{"start":{"line":123,"column":8},"end":{"line":123,"column":8}},{"start":{"line":123,"column":8},"end":{"line":123,"column":8}}]},"7":{"line":149,"type":"if","locations":[{"start":{"line":149,"column":8},"end":{"line":149,"column":8}},{"start":{"line":149,"column":8},"end":{"line":149,"column":8}}]},"8":{"line":183,"type":"if","locations":[{"start":{"line":183,"column":8},"end":{"line":183,"column":8}},{"start":{"line":183,"column":8},"end":{"line":183,"column":8}}]},"9":{"line":204,"type":"if","locations":[{"start":{"line":204,"column":8},"end":{"line":204,"column":8}},{"start":{"line":204,"column":8},"end":{"line":204,"column":8}}]},"10":{"line":216,"type":"if","locations":[{"start":{"line":216,"column":8},"end":{"line":216,"column":8}},{"start":{"line":216,"column":8},"end":{"line":216,"column":8}}]},"11":{"line":217,"type":"if","locations":[{"start":{"line":217,"column":8},"end":{"line":217,"column":8}},{"start":{"line":217,"column":8},"end":{"line":217,"column":8}}]},"12":{"line":233,"type":"if","locations":[{"start":{"line":233,"column":8},"end":{"line":233,"column":8}},{"start":{"line":233,"column":8},"end":{"line":233,"column":8}}]},"13":{"line":260,"type":"if","locations":[{"start":{"line":260,"column":8},"end":{"line":260,"column":8}},{"start":{"line":260,"column":8},"end":{"line":260,"column":8}}]},"14":{"line":261,"type":"if","locations":[{"start":{"line":261,"column":8},"end":{"line":261,"column":8}},{"start":{"line":261,"column":8},"end":{"line":261,"column":8}}]},"15":{"line":290,"type":"if","locations":[{"start":{"line":290,"column":8},"end":{"line":290,"column":8}},{"start":{"line":290,"column":8},"end":{"line":290,"column":8}}]},"16":{"line":298,"type":"if","locations":[{"start":{"line":298,"column":8},"end":{"line":298,"column":8}},{"start":{"line":298,"column":8},"end":{"line":298,"column":8}}]},"17":{"line":305,"type":"if","locations":[{"start":{"line":305,"column":8},"end":{"line":305,"column":8}},{"start":{"line":305,"column":8},"end":{"line":305,"column":8}}]},"18":{"line":317,"type":"if","locations":[{"start":{"line":317,"column":8},"end":{"line":317,"column":8}},{"start":{"line":317,"column":8},"end":{"line":317,"column":8}}]}}},
"contracts/klaytn-contracts/token/KIP17/KIP17Burnable.sol":{"l":{"24":0,"33":0,"34":0},"path":"/Users/nodias/Documents/workspace/solidity/klaytn-hardhat-example/contracts/klaytn-contracts/token/KIP17/KIP17Burnable.sol","s":{"1":0,"2":0,"3":0},"b":{"1":[0,0]},"f":{"1":0,"2":0},"fnMap":{"1":{"name":"constructor","line":22,"loc":{"start":{"line":22,"column":4},"end":{"line":25,"column":4}}},"2":{"name":"burn","line":31,"loc":{"start":{"line":31,"column":4},"end":{"line":35,"column":4}}}},"statementMap":{"1":{"start":{"line":24,"column":8},"end":{"line":24,"column":55}},"2":{"start":{"line":33,"column":8},"end":{"line":33,"column":106}},"3":{"start":{"line":34,"column":8},"end":{"line":34,"column":21}}},"branchMap":{"1":{"line":33,"type":"if","locations":[{"start":{"line":33,"column":8},"end":{"line":33,"column":8}},{"start":{"line":33,"column":8},"end":{"line":33,"column":8}}]}}},
"contracts/klaytn-contracts/token/KIP17/KIP17Enumerable.sol":{"l":{"38":0,"48":0,"49":0,"57":0,"67":0,"68":0,"79":0,"81":0,"83":0,"93":0,"95":0,"97":0,"108":0,"110":0,"112":0,"114":0,"123":0,"132":0,"133":0,"141":0,"142":0,"157":0,"158":0,"161":0,"162":0,"164":0,"165":0,"169":0,"184":0,"185":0,"190":0,"192":0,"193":0,"196":0,"197":0},"path":"/Users/nodias/Documents/workspace/solidity/klaytn-hardhat-example/contracts/klaytn-contracts/token/KIP17/KIP17Enumerable.sol","s":{"1":0,"2":0,"3":0,"4":0,"5":0,"6":0,"7":0,"8":0,"9":0,"10":0,"11":0,"12":0,"13":0,"14":0,"15":0,"16":0,"17":0,"18":0,"19":0,"20":0,"21":0,"22":0,"23":0,"24":0,"25":0,"26":0,"27":0,"28":0,"29":0,"30":0,"31":0,"32":0,"33":0},"b":{"1":[0,0],"2":[0,0],"3":[0,0]},"f":{"1":0,"2":0,"3":0,"4":0,"5":0,"6":0,"7":0,"8":0,"9":0,"10":0,"11":0,"12":0},"fnMap":{"1":{"name":"constructor","line":36,"loc":{"start":{"line":36,"column":4},"end":{"line":39,"column":4}}},"2":{"name":"tokenOfOwnerByIndex","line":47,"loc":{"start":{"line":47,"column":4},"end":{"line":50,"column":4}}},"3":{"name":"totalSupply","line":56,"loc":{"start":{"line":56,"column":4},"end":{"line":58,"column":4}}},"4":{"name":"tokenByIndex","line":66,"loc":{"start":{"line":66,"column":4},"end":{"line":69,"column":4}}},"5":{"name":"_transferFrom","line":78,"loc":{"start":{"line":78,"column":4},"end":{"line":84,"column":4}}},"6":{"name":"_mint","line":92,"loc":{"start":{"line":92,"column":4},"end":{"line":98,"column":4}}},"7":{"name":"_burn","line":107,"loc":{"start":{"line":107,"column":4},"end":{"line":115,"column":4}}},"8":{"name":"_tokensOfOwner","line":122,"loc":{"start":{"line":122,"column":4},"end":{"line":124,"column":4}}},"9":{"name":"_addTokenToOwnerEnumeration","line":131,"loc":{"start":{"line":131,"column":4},"end":{"line":134,"column":4}}},"10":{"name":"_addTokenToAllTokensEnumeration","line":140,"loc":{"start":{"line":140,"column":4},"end":{"line":143,"column":4}}},"11":{"name":"_removeTokenFromOwnerEnumeration","line":153,"loc":{"start":{"line":153,"column":4},"end":{"line":173,"column":4}}},"12":{"name":"_removeTokenFromAllTokensEnumeration","line":180,"loc":{"start":{"line":180,"column":4},"end":{"line":198,"column":4}}}},"statementMap":{"1":{"start":{"line":38,"column":8},"end":{"line":38,"column":57}},"2":{"start":{"line":48,"column":8},"end":{"line":48,"column":86}},"3":{"start":{"line":49,"column":8},"end":{"line":49,"column":41}},"4":{"start":{"line":57,"column":8},"end":{"line":57,"column":32}},"5":{"start":{"line":67,"column":8},"end":{"line":67,"column":84}},"6":{"start":{"line":68,"column":8},"end":{"line":68,"column":32}},"7":{"start":{"line":79,"column":8},"end":{"line":79,"column":45}},"8":{"start":{"line":81,"column":8},"end":{"line":81,"column":54}},"9":{"start":{"line":83,"column":8},"end":{"line":83,"column":47}},"10":{"start":{"line":93,"column":8},"end":{"line":93,"column":31}},"11":{"start":{"line":95,"column":8},"end":{"line":95,"column":47}},"12":{"start":{"line":97,"column":8},"end":{"line":97,"column":47}},"13":{"start":{"line":108,"column":8},"end":{"line":108,"column":34}},"14":{"start":{"line":110,"column":8},"end":{"line":110,"column":55}},"15":{"start":{"line":112,"column":8},"end":{"line":112,"column":37}},"16":{"start":{"line":114,"column":8},"end":{"line":114,"column":52}},"17":{"start":{"line":123,"column":8},"end":{"line":123,"column":34}},"18":{"start":{"line":132,"column":8},"end":{"line":132,"column":59}},"19":{"start":{"line":133,"column":8},"end":{"line":133,"column":37}},"20":{"start":{"line":141,"column":8},"end":{"line":141,"column":51}},"21":{"start":{"line":142,"column":8},"end":{"line":142,"column":31}},"22":{"start":{"line":157,"column":8},"end":{"line":157,"column":65}},"23":{"start":{"line":158,"column":8},"end":{"line":158,"column":55}},"24":{"start":{"line":161,"column":8},"end":{"line":161,"column":6727}},"25":{"start":{"line":162,"column":12},"end":{"line":162,"column":68}},"26":{"start":{"line":164,"column":12},"end":{"line":164,"column":55}},"27":{"start":{"line":165,"column":12},"end":{"line":165,"column":54}},"28":{"start":{"line":184,"column":8},"end":{"line":184,"column":57}},"29":{"start":{"line":185,"column":8},"end":{"line":185,"column":53}},"30":{"start":{"line":190,"column":8},"end":{"line":190,"column":56}},"31":{"start":{"line":192,"column":8},"end":{"line":192,"column":43}},"32":{"start":{"line":193,"column":8},"end":{"line":193,"column":48}},"33":{"start":{"line":197,"column":8},"end":{"line":197,"column":35}}},"branchMap":{"1":{"line":48,"type":"if","locations":[{"start":{"line":48,"column":8},"end":{"line":48,"column":8}},{"start":{"line":48,"column":8},"end":{"line":48,"column":8}}]},"2":{"line":67,"type":"if","locations":[{"start":{"line":67,"column":8},"end":{"line":67,"column":8}},{"start":{"line":67,"column":8},"end":{"line":67,"column":8}}]},"3":{"line":161,"type":"if","locations":[{"start":{"line":161,"column":8},"end":{"line":161,"column":8}},{"start":{"line":161,"column":8},"end":{"line":161,"column":8}}]}}},
"contracts/klaytn-contracts/token/KIP17/KIP17Full.sol":{"l":{},"path":"/Users/nodias/Documents/workspace/solidity/klaytn-hardhat-example/contracts/klaytn-contracts/token/KIP17/KIP17Full.sol","s":{},"b":{},"f":{"1":0},"fnMap":{"1":{"name":"constructor","line":14,"loc":{"start":{"line":14,"column":4},"end":{"line":16,"column":4}}}},"statementMap":{},"branchMap":{}},
"contracts/klaytn-contracts/token/KIP17/KIP17Metadata.sol":{"l":{"30":0,"31":0,"34":0,"42":0,"50":0,"59":0,"60":0,"70":0,"71":0,"82":0,"85":0,"86":0},"path":"/Users/nodias/Documents/workspace/solidity/klaytn-hardhat-example/contracts/klaytn-contracts/token/KIP17/KIP17Metadata.sol","s":{"1":0,"2":0,"3":0,"4":0,"5":0,"6":0,"7":0,"8":0,"9":0,"10":0,"11":0},"b":{"1":[0,0],"2":[0,0],"3":[0,0]},"f":{"1":0,"2":0,"3":0,"4":0,"5":0,"6":0},"fnMap":{"1":{"name":"constructor","line":29,"loc":{"start":{"line":29,"column":4},"end":{"line":35,"column":4}}},"2":{"name":"name","line":41,"loc":{"start":{"line":41,"column":4},"end":{"line":43,"column":4}}},"3":{"name":"symbol","line":49,"loc":{"start":{"line":49,"column":4},"end":{"line":51,"column":4}}},"4":{"name":"tokenURI","line":58,"loc":{"start":{"line":58,"column":4},"end":{"line":61,"column":4}}},"5":{"name":"_setTokenURI","line":69,"loc":{"start":{"line":69,"column":4},"end":{"line":72,"column":4}}},"6":{"name":"_burn","line":81,"loc":{"start":{"line":81,"column":4},"end":{"line":88,"column":4}}}},"statementMap":{"1":{"start":{"line":30,"column":8},"end":{"line":30,"column":19}},"2":{"start":{"line":31,"column":8},"end":{"line":31,"column":23}},"3":{"start":{"line":34,"column":8},"end":{"line":34,"column":55}},"4":{"start":{"line":42,"column":8},"end":{"line":42,"column":20}},"5":{"start":{"line":50,"column":8},"end":{"line":50,"column":22}},"6":{"start":{"line":59,"column":8},"end":{"line":59,"column":82}},"7":{"start":{"line":60,"column":8},"end":{"line":60,"column":34}},"8":{"start":{"line":70,"column":8},"end":{"line":70,"column":79}},"9":{"start":{"line":71,"column":8},"end":{"line":71,"column":32}},"10":{"start":{"line":82,"column":8},"end":{"line":82,"column":34}},"11":{"start":{"line":85,"column":8},"end":{"line":85,"column":2652}}},"branchMap":{"1":{"line":59,"type":"if","locations":[{"start":{"line":59,"column":8},"end":{"line":59,"column":8}},{"start":{"line":59,"column":8},"end":{"line":59,"column":8}}]},"2":{"line":70,"type":"if","locations":[{"start":{"line":70,"column":8},"end":{"line":70,"column":8}},{"start":{"line":70,"column":8},"end":{"line":70,"column":8}}]},"3":{"line":85,"type":"if","locations":[{"start":{"line":85,"column":8},"end":{"line":85,"column":8}},{"start":{"line":85,"column":8},"end":{"line":85,"column":8}}]}}},
"contracts/klaytn-contracts/token/KIP17/KIP17MetadataMintable.sol":{"l":{"28":0,"39":0,"40":0,"41":0},"path":"/Users/nodias/Documents/workspace/solidity/klaytn-hardhat-example/contracts/klaytn-contracts/token/KIP17/KIP17MetadataMintable.sol","s":{"1":0,"2":0,"3":0,"4":0},"b":{},"f":{"1":0,"2":0},"fnMap":{"1":{"name":"constructor","line":26,"loc":{"start":{"line":26,"column":4},"end":{"line":29,"column":4}}},"2":{"name":"mintWithTokenURI","line":38,"loc":{"start":{"line":38,"column":4},"end":{"line":42,"column":4}}}},"statementMap":{"1":{"start":{"line":28,"column":8},"end":{"line":28,"column":64}},"2":{"start":{"line":39,"column":8},"end":{"line":39,"column":25}},"3":{"start":{"line":40,"column":8},"end":{"line":40,"column":38}},"4":{"start":{"line":41,"column":8},"end":{"line":41,"column":19}}},"branchMap":{}},
"contracts/klaytn-contracts/token/KIP17/KIP17Mintable.sol":{"l":{"26":0,"36":0,"37":0},"path":"/Users/nodias/Documents/workspace/solidity/klaytn-hardhat-example/contracts/klaytn-contracts/token/KIP17/KIP17Mintable.sol","s":{"1":0,"2":0,"3":0},"b":{},"f":{"1":0,"2":0},"fnMap":{"1":{"name":"constructor","line":24,"loc":{"start":{"line":24,"column":4},"end":{"line":27,"column":4}}},"2":{"name":"mint","line":35,"loc":{"start":{"line":35,"column":4},"end":{"line":38,"column":4}}}},"statementMap":{"1":{"start":{"line":26,"column":8},"end":{"line":26,"column":55}},"2":{"start":{"line":36,"column":8},"end":{"line":36,"column":25}},"3":{"start":{"line":37,"column":8},"end":{"line":37,"column":19}}},"branchMap":{}},
"contracts/klaytn-contracts/token/KIP17/KIP17Pausable.sol":{"l":{"29":0,"33":0,"37":0,"41":0},"path":"/Users/nodias/Documents/workspace/solidity/klaytn-hardhat-example/contracts/klaytn-contracts/token/KIP17/KIP17Pausable.sol","s":{"1":0,"2":0,"3":0,"4":0},"b":{},"f":{"1":0,"2":0,"3":0,"4":0},"fnMap":{"1":{"name":"constructor","line":27,"loc":{"start":{"line":27,"column":4},"end":{"line":30,"column":4}}},"2":{"name":"approve","line":32,"loc":{"start":{"line":32,"column":4},"end":{"line":34,"column":4}}},"3":{"name":"setApprovalForAll","line":36,"loc":{"start":{"line":36,"column":4},"end":{"line":38,"column":4}}},"4":{"name":"transferFrom","line":40,"loc":{"start":{"line":40,"column":4},"end":{"line":42,"column":4}}}},"statementMap":{"1":{"start":{"line":29,"column":8},"end":{"line":29,"column":55}},"2":{"start":{"line":33,"column":8},"end":{"line":33,"column":33}},"3":{"start":{"line":37,"column":8},"end":{"line":37,"column":44}},"4":{"start":{"line":41,"column":8},"end":{"line":41,"column":44}}},"branchMap":{}},
"contracts/klaytn-contracts/token/KIP17/KIP17Token.sol":{"l":{},"path":"/Users/nodias/Documents/workspace/solidity/klaytn-hardhat-example/contracts/klaytn-contracts/token/KIP17/KIP17Token.sol","s":{},"b":{},"f":{"1":0},"fnMap":{"1":{"name":"constructor","line":10,"loc":{"start":{"line":10,"column":4},"end":{"line":11,"column":4}}}},"statementMap":{},"branchMap":{}},
"contracts/klaytn-contracts/token/KIP37/IERC1155Receiver.sol":{"l":{},"path":"/Users/nodias/Documents/workspace/solidity/klaytn-hardhat-example/contracts/klaytn-contracts/token/KIP37/IERC1155Receiver.sol","s":{},"b":{},"f":{},"fnMap":{},"statementMap":{},"branchMap":{}},
"contracts/klaytn-contracts/token/KIP37/IKIP37.sol":{"l":{},"path":"/Users/nodias/Documents/workspace/solidity/klaytn-hardhat-example/contracts/klaytn-contracts/token/KIP37/IKIP37.sol","s":{},"b":{},"f":{},"fnMap":{},"statementMap":{},"branchMap":{}},
"contracts/klaytn-contracts/token/KIP37/IKIP37MetadataURI.sol":{"l":{},"path":"/Users/nodias/Documents/workspace/solidity/klaytn-hardhat-example/contracts/klaytn-contracts/token/KIP37/IKIP37MetadataURI.sol","s":{},"b":{},"f":{},"fnMap":{},"statementMap":{},"branchMap":{}},
"contracts/klaytn-contracts/token/KIP37/IKIP37Receiver.sol":{"l":{},"path":"/Users/nodias/Documents/workspace/solidity/klaytn-hardhat-example/contracts/klaytn-contracts/token/KIP37/IKIP37Receiver.sol","s":{},"b":{},"f":{},"fnMap":{},"statementMap":{},"branchMap":{}},
"contracts/klaytn-contracts/token/KIP37/KIP37.sol":{"l":{"78":0,"81":0,"84":0,"98":0,"113":0,"117":0,"132":0,"137":0,"139":0,"140":0,"144":0,"147":0,"154":0,"159":0,"160":0,"171":0,"175":0,"188":0,"189":0,"194":0,"196":0,"205":0,"209":0,"211":0,"213":0,"236":0,"240":0,"241":0,"246":0,"248":0,"250":0,"251":0,"252":0,"254":0,"258":0,"261":0,"263":0,"296":0,"316":0,"318":0,"320":0,"329":0,"330":0,"331":0,"333":0,"361":0,"362":0,"367":0,"369":0,"371":0,"372":0,"373":0,"376":0,"378":0,"404":0,"406":0,"408":0,"417":0,"422":0,"427":0,"442":0,"443":0,"448":0,"450":0,"452":0,"453":0,"458":0,"464":0,"504":0,"505":0,"507":0,"508":0,"511":0,"521":0,"525":0,"528":0,"538":0,"542":0,"545":0,"556":0,"557":0,"559":0,"560":0,"563":0,"573":0,"577":0,"580":0,"590":0,"594":0,"597":0,"605":0,"606":0,"608":0},"path":"/Users/nodias/Documents/workspace/solidity/klaytn-hardhat-example/contracts/klaytn-contracts/token/KIP37/KIP37.sol","s":{"1":0,"2":0,"3":0,"4":0,"5":0,"6":0,"7":0,"8":0,"9":0,"10":0,"11":0,"12":0,"13":0,"14":0,"15":0,"16":0,"17":0,"18":0,"19":0,"20":0,"21":0,"22":0,"23":0,"24":0,"25":0,"26":0,"27":0,"28":0,"29":0,"30":0,"31":0,"32":0,"33":0,"34":0,"35":0,"36":0,"37":0,"38":0,"39":0,"40":0,"41":0,"42":0,"43":0,"44":0,"45":0,"46":0,"47":0,"48":0,"49":0,"50":0,"51":0,"52":0,"53":0,"54":0,"55":0,"56":0,"57":0,"58":0,"59":0,"60":0,"61":0,"62":0,"63":0,"64":0,"65":0,"66":0,"67":0,"68":0,"69":0,"70":0,"71":0,"72":0,"73":0,"74":0,"75":0,"76":0,"77":0,"78":0,"79":0,"80":0,"81":0,"82":0,"83":0,"84":0,"85":0,"86":0,"87":0,"88":0,"89":0,"90":0,"91":0,"92":0,"93":0},"b":{"1":[0,0],"2":[0,0],"3":[0,0],"4":[0,0],"5":[0,0],"6":[0,0],"7":[0,0],"8":[0,0],"9":[0,0],"10":[0,0],"11":[0,0],"12":[0,0],"13":[0,0],"14":[0,0],"15":[0,0],"16":[0,0],"17":[0,0],"18":[0,0],"19":[0,0],"20":[0,0],"21":[0,0],"22":[0,0],"23":[0,0],"24":[0,0],"25":[0,0]},"f":{"1":0,"2":0,"3":0,"4":0,"5":0,"6":0,"7":0,"8":0,"9":0,"10":0,"11":0,"12":0,"13":0,"14":0,"15":0,"16":0,"17":0,"18":0},"fnMap":{"1":{"name":"constructor","line":77,"loc":{"start":{"line":77,"column":4},"end":{"line":85,"column":4}}},"2":{"name":"uri","line":97,"loc":{"start":{"line":97,"column":4},"end":{"line":99,"column":4}}},"3":{"name":"balanceOf","line":108,"loc":{"start":{"line":108,"column":4},"end":{"line":118,"column":4}}},"4":{"name":"balanceOfBatch","line":127,"loc":{"start":{"line":127,"column":4},"end":{"line":148,"column":4}}},"5":{"name":"setApprovalForAll","line":153,"loc":{"start":{"line":153,"column":4},"end":{"line":161,"column":4}}},"6":{"name":"isApprovedForAll","line":166,"loc":{"start":{"line":166,"column":4},"end":{"line":172,"column":4}}},"7":{"name":"totalSupply","line":174,"loc":{"start":{"line":174,"column":4},"end":{"line":176,"column":4}}},"8":{"name":"safeTransferFrom","line":181,"loc":{"start":{"line":181,"column":4},"end":{"line":224,"column":4}}},"9":{"name":"safeBatchTransferFrom","line":229,"loc":{"start":{"line":229,"column":4},"end":{"line":274,"column":4}}},"10":{"name":"_setURI","line":295,"loc":{"start":{"line":295,"column":4},"end":{"line":297,"column":4}}},"11":{"name":"_mint","line":310,"loc":{"start":{"line":310,"column":4},"end":{"line":344,"column":4}}},"12":{"name":"_mintBatch","line":355,"loc":{"start":{"line":355,"column":4},"end":{"line":389,"column":4}}},"13":{"name":"_burn","line":399,"loc":{"start":{"line":399,"column":4},"end":{"line":428,"column":4}}},"14":{"name":"_burnBatch","line":437,"loc":{"start":{"line":437,"column":4},"end":{"line":465,"column":4}}},"15":{"name":"_beforeTokenTransfer","line":487,"loc":{"start":{"line":487,"column":4},"end":{"line":494,"column":16}}},"16":{"name":"_doSafeTransferAcceptanceCheck","line":496,"loc":{"start":{"line":496,"column":4},"end":{"line":546,"column":4}}},"17":{"name":"_doSafeBatchTransferAcceptanceCheck","line":548,"loc":{"start":{"line":548,"column":4},"end":{"line":598,"column":4}}},"18":{"name":"_asSingletonArray","line":600,"loc":{"start":{"line":600,"column":4},"end":{"line":609,"column":4}}}},"statementMap":{"1":{"start":{"line":78,"column":8},"end":{"line":78,"column":19}},"2":{"start":{"line":81,"column":8},"end":{"line":81,"column":46}},"3":{"start":{"line":84,"column":8},"end":{"line":84,"column":59}},"4":{"start":{"line":98,"column":8},"end":{"line":98,"column":19}},"5":{"start":{"line":113,"column":8},"end":{"line":113,"column":4320}},"6":{"start":{"line":117,"column":8},"end":{"line":117,"column":37}},"7":{"start":{"line":132,"column":8},"end":{"line":132,"column":4780}},"8":{"start":{"line":137,"column":8},"end":{"line":137,"column":71}},"9":{"start":{"line":139,"column":8},"end":{"line":139,"column":4980}},"10":{"start":{"line":140,"column":12},"end":{"line":140,"column":5044}},"11":{"start":{"line":144,"column":12},"end":{"line":144,"column":60}},"12":{"start":{"line":147,"column":8},"end":{"line":147,"column":28}},"13":{"start":{"line":154,"column":8},"end":{"line":154,"column":5425}},"14":{"start":{"line":159,"column":8},"end":{"line":159,"column":60}},"15":{"start":{"line":160,"column":8},"end":{"line":160,"column":61}},"16":{"start":{"line":171,"column":8},"end":{"line":171,"column":52}},"17":{"start":{"line":175,"column":8},"end":{"line":175,"column":37}},"18":{"start":{"line":188,"column":8},"end":{"line":188,"column":71}},"19":{"start":{"line":189,"column":8},"end":{"line":189,"column":6333}},"20":{"start":{"line":194,"column":8},"end":{"line":194,"column":39}},"21":{"start":{"line":196,"column":8},"end":{"line":196,"column":6532}},"22":{"start":{"line":205,"column":8},"end":{"line":205,"column":6721}},"23":{"start":{"line":209,"column":8},"end":{"line":209,"column":56}},"24":{"start":{"line":211,"column":8},"end":{"line":211,"column":59}},"25":{"start":{"line":213,"column":8},"end":{"line":213,"column":6984}},"26":{"start":{"line":236,"column":8},"end":{"line":236,"column":7521}},"27":{"start":{"line":240,"column":8},"end":{"line":240,"column":71}},"28":{"start":{"line":241,"column":8},"end":{"line":241,"column":7718}},"29":{"start":{"line":246,"column":8},"end":{"line":246,"column":39}},"30":{"start":{"line":248,"column":8},"end":{"line":248,"column":67}},"31":{"start":{"line":250,"column":8},"end":{"line":250,"column":7997}},"32":{"start":{"line":251,"column":12},"end":{"line":251,"column":31}},"33":{"start":{"line":252,"column":12},"end":{"line":252,"column":39}},"34":{"start":{"line":254,"column":12},"end":{"line":254,"column":8131}},"35":{"start":{"line":258,"column":12},"end":{"line":258,"column":60}},"36":{"start":{"line":261,"column":8},"end":{"line":261,"column":60}},"37":{"start":{"line":263,"column":8},"end":{"line":263,"column":8417}},"38":{"start":{"line":296,"column":8},"end":{"line":296,"column":20}},"39":{"start":{"line":316,"column":8},"end":{"line":316,"column":72}},"40":{"start":{"line":318,"column":8},"end":{"line":318,"column":39}},"41":{"start":{"line":320,"column":8},"end":{"line":320,"column":10217}},"42":{"start":{"line":329,"column":8},"end":{"line":329,"column":66}},"43":{"start":{"line":330,"column":8},"end":{"line":330,"column":54}},"44":{"start":{"line":331,"column":8},"end":{"line":331,"column":70}},"45":{"start":{"line":333,"column":8},"end":{"line":333,"column":10616}},"46":{"start":{"line":361,"column":8},"end":{"line":361,"column":67}},"47":{"start":{"line":362,"column":8},"end":{"line":362,"column":11442}},"48":{"start":{"line":367,"column":8},"end":{"line":367,"column":39}},"49":{"start":{"line":369,"column":8},"end":{"line":369,"column":73}},"50":{"start":{"line":371,"column":8},"end":{"line":371,"column":11685}},"51":{"start":{"line":372,"column":12},"end":{"line":372,"column":72}},"52":{"start":{"line":373,"column":12},"end":{"line":373,"column":70}},"53":{"start":{"line":376,"column":8},"end":{"line":376,"column":66}},"54":{"start":{"line":378,"column":8},"end":{"line":378,"column":11964}},"55":{"start":{"line":404,"column":8},"end":{"line":404,"column":74}},"56":{"start":{"line":406,"column":8},"end":{"line":406,"column":39}},"57":{"start":{"line":408,"column":8},"end":{"line":408,"column":12741}},"58":{"start":{"line":417,"column":8},"end":{"line":417,"column":12939}},"59":{"start":{"line":422,"column":8},"end":{"line":422,"column":13081}},"60":{"start":{"line":427,"column":8},"end":{"line":427,"column":70}},"61":{"start":{"line":442,"column":8},"end":{"line":442,"column":74}},"62":{"start":{"line":443,"column":8},"end":{"line":443,"column":13658}},"63":{"start":{"line":448,"column":8},"end":{"line":448,"column":39}},"64":{"start":{"line":450,"column":8},"end":{"line":450,"column":76}},"65":{"start":{"line":452,"column":8},"end":{"line":452,"column":13904}},"66":{"start":{"line":453,"column":12},"end":{"line":453,"column":13963}},"67":{"start":{"line":458,"column":12},"end":{"line":458,"column":14133}},"68":{"start":{"line":464,"column":8},"end":{"line":464,"column":71}},"69":{"start":{"line":504,"column":8},"end":{"line":504,"column":20}},"70":{"start":{"line":505,"column":8},"end":{"line":505,"column":31}},"71":{"start":{"line":507,"column":8},"end":{"line":507,"column":15788}},"72":{"start":{"line":508,"column":12},"end":{"line":508,"column":23}},"73":{"start":{"line":511,"column":8},"end":{"line":511,"column":15856}},"74":{"start":{"line":521,"column":8},"end":{"line":521,"column":16106}},"75":{"start":{"line":525,"column":12},"end":{"line":525,"column":23}},"76":{"start":{"line":528,"column":8},"end":{"line":528,"column":16271}},"77":{"start":{"line":538,"column":8},"end":{"line":538,"column":16519}},"78":{"start":{"line":542,"column":12},"end":{"line":542,"column":23}},"79":{"start":{"line":545,"column":8},"end":{"line":545,"column":20}},"80":{"start":{"line":556,"column":8},"end":{"line":556,"column":20}},"81":{"start":{"line":557,"column":8},"end":{"line":557,"column":31}},"82":{"start":{"line":559,"column":8},"end":{"line":559,"column":17006}},"83":{"start":{"line":560,"column":12},"end":{"line":560,"column":23}},"84":{"start":{"line":563,"column":8},"end":{"line":563,"column":17074}},"85":{"start":{"line":573,"column":8},"end":{"line":573,"column":17332}},"86":{"start":{"line":577,"column":12},"end":{"line":577,"column":23}},"87":{"start":{"line":580,"column":8},"end":{"line":580,"column":17503}},"88":{"start":{"line":590,"column":8},"end":{"line":590,"column":17759}},"89":{"start":{"line":594,"column":12},"end":{"line":594,"column":23}},"90":{"start":{"line":597,"column":8},"end":{"line":597,"column":20}},"91":{"start":{"line":605,"column":8},"end":{"line":605,"column":49}},"92":{"start":{"line":606,"column":8},"end":{"line":606,"column":25}},"93":{"start":{"line":608,"column":8},"end":{"line":608,"column":20}}},"branchMap":{"1":{"line":113,"type":"if","locations":[{"start":{"line":113,"column":8},"end":{"line":113,"column":8}},{"start":{"line":113,"column":8},"end":{"line":113,"column":8}}]},"2":{"line":132,"type":"if","locations":[{"start":{"line":132,"column":8},"end":{"line":132,"column":8}},{"start":{"line":132,"column":8},"end":{"line":132,"col
[...]
"end":{"line":224,"column":52}},"22":{"start":{"line":241,"column":8},"end":{"line":241,"column":36}},"23":{"start":{"line":242,"column":8},"end":{"line":242,"column":20}},"24":{"start":{"line":262,"column":8},"end":{"line":262,"column":20}},"25":{"start":{"line":265,"column":8},"end":{"line":265,"column":23}},"26":{"start":{"line":291,"column":8},"end":{"line":291,"column":29}},"27":{"start":{"line":295,"column":8},"end":{"line":295,"column":26}},"28":{"start":{"line":299,"column":8},"end":{"line":299,"column":45}},"29":{"start":{"line":346,"column":8},"end":{"line":346,"column":46}},"30":{"start":{"line":355,"column":8},"end":{"line":355,"column":80}},"31":{"start":{"line":357,"column":8},"end":{"line":357,"column":49}},"32":{"start":{"line":366,"column":8},"end":{"line":366,"column":44}},"33":{"start":{"line":367,"column":8},"end":{"line":367,"column":79}},"34":{"start":{"line":369,"column":8},"end":{"line":369,"column":20}},"35":{"start":{"line":381,"column":8},"end":{"line":381,"column":40}},"36":{"start":{"line":382,"column":8},"end":{"line":382,"column":63}},"37":{"start":{"line":384,"column":8},"end":{"line":384,"column":14218}},"38":{"start":{"line":388,"column":8},"end":{"line":388,"column":36}},"39":{"start":{"line":389,"column":8},"end":{"line":389,"column":41}},"40":{"start":{"line":399,"column":8},"end":{"line":399,"column":79}},"41":{"start":{"line":401,"column":8},"end":{"line":401,"column":39}},"42":{"start":{"line":411,"column":8},"end":{"line":411,"column":60}},"43":{"start":{"line":413,"column":8},"end":{"line":413,"column":52}},"44":{"start":{"line":414,"column":8},"end":{"line":414,"column":53}},"45":{"start":{"line":424,"column":8},"end":{"line":424,"column":50}},"46":{"start":{"line":437,"column":8},"end":{"line":437,"column":107}},"47":{"start":{"line":439,"column":8},"end":{"line":439,"column":39}},"48":{"start":{"line":454,"column":8},"end":{"line":454,"column":46}},"49":{"start":{"line":470,"column":8},"end":{"line":470,"column":38}},"50":{"start":{"line":471,"column":8},"end":{"line":471,"column":115}},"51":{"start":{"line":480,"column":8},"end":{"line":480,"column":44}},"52":{"start":{"line":481,"column":8},"end":{"line":481,"column":34}},"53":{"start":{"line":492,"column":8},"end":{"line":492,"column":79}},"54":{"start":{"line":493,"column":8},"end":{"line":493,"column":40}},"55":{"start":{"line":494,"column":8},"end":{"line":494,"column":104}},"56":{"start":{"line":504,"column":8},"end":{"line":504,"column":67}},"57":{"start":{"line":505,"column":8},"end":{"line":505,"column":64}},"58":{"start":{"line":507,"column":8},"end":{"line":507,"column":32}},"59":{"start":{"line":508,"column":8},"end":{"line":508,"column":40}},"60":{"start":{"line":510,"column":8},"end":{"line":510,"column":46}},"61":{"start":{"line":521,"column":8},"end":{"line":521,"column":81}},"62":{"start":{"line":523,"column":8},"end":{"line":523,"column":30}},"63":{"start":{"line":525,"column":8},"end":{"line":525,"column":43}},"64":{"start":{"line":526,"column":8},"end":{"line":526,"column":40}},"65":{"start":{"line":528,"column":8},"end":{"line":528,"column":49}},"66":{"start":{"line":537,"column":8},"end":{"line":537,"column":39}},"67":{"start":{"line":548,"column":8},"end":{"line":548,"column":84}},"68":{"start":{"line":549,"column":8},"end":{"line":549,"column":71}},"69":{"start":{"line":551,"column":8},"end":{"line":551,"column":30}},"70":{"start":{"line":553,"column":8},"end":{"line":553,"column":42}},"71":{"start":{"line":554,"column":8},"end":{"line":554,"column":40}},"72":{"start":{"line":556,"column":8},"end":{"line":556,"column":32}},"73":{"start":{"line":558,"column":8},"end":{"line":558,"column":40}},"74":{"start":{"line":575,"column":8},"end":{"line":575,"column":20}},"75":{"start":{"line":576,"column":8},"end":{"line":576,"column":31}},"76":{"start":{"line":578,"column":8},"end":{"line":578,"column":22449}},"77":{"start":{"line":579,"column":12},"end":{"line":579,"column":23}},"78":{"start":{"line":583,"column":8},"end":{"line":583,"column":22565}},"79":{"start":{"line":586,"column":8},"end":{"line":586,"column":22704}},"80":{"start":{"line":587,"column":12},"end":{"line":587,"column":23}},"81":{"start":{"line":590,"column":8},"end":{"line":590,"column":22834}},"82":{"start":{"line":593,"column":8},"end":{"line":593,"column":22972}},"83":{"start":{"line":594,"column":12},"end":{"line":594,"column":23}},"84":{"start":{"line":597,"column":8},"end":{"line":597,"column":20}},"85":{"start":{"line":605,"column":8},"end":{"line":605,"column":23341}},"86":{"start":{"line":606,"column":12},"end":{"line":606,"column":48}},"87":{"start":{"line":645,"column":8},"end":{"line":645,"column":57}},"88":{"start":{"line":655,"column":8},"end":{"line":655,"column":86}},"89":{"start":{"line":656,"column":8},"end":{"line":656,"column":41}},"90":{"start":{"line":664,"column":8},"end":{"line":664,"column":32}},"91":{"start":{"line":674,"column":8},"end":{"line":674,"column":84}},"92":{"start":{"line":675,"column":8},"end":{"line":675,"column":32}},"93":{"start":{"line":686,"column":8},"end":{"line":686,"column":45}},"94":{"start":{"line":688,"column":8},"end":{"line":688,"column":54}},"95":{"start":{"line":690,"column":8},"end":{"line":690,"column":47}},"96":{"start":{"line":700,"column":8},"end":{"line":700,"column":31}},"97":{"start":{"line":702,"column":8},"end":{"line":702,"column":47}},"98":{"start":{"line":704,"column":8},"end":{"line":704,"column":47}},"99":{"start":{"line":715,"column":8},"end":{"line":715,"column":34}},"100":{"start":{"line":717,"column":8},"end":{"line":717,"column":55}},"101":{"start":{"line":719,"column":8},"end":{"line":719,"column":37}},"102":{"start":{"line":721,"column":8},"end":{"line":721,"column":52}},"103":{"start":{"line":730,"column":8},"end":{"line":730,"column":34}},"104":{"start":{"line":739,"column":8},"end":{"line":739,"column":59}},"105":{"start":{"line":740,"column":8},"end":{"line":740,"column":37}},"106":{"start":{"line":748,"column":8},"end":{"line":748,"column":51}},"107":{"start":{"line":749,"column":8},"end":{"line":749,"column":31}},"108":{"start":{"line":764,"column":8},"end":{"line":764,"column":65}},"109":{"start":{"line":765,"column":8},"end":{"line":765,"column":55}},"110":{"start":{"line":768,"column":8},"end":{"line":768,"column":30176}},"111":{"start":{"line":769,"column":12},"end":{"line":769,"column":68}},"112":{"start":{"line":771,"column":12},"end":{"line":771,"column":55}},"113":{"start":{"line":772,"column":12},"end":{"line":772,"column":54}},"114":{"start":{"line":791,"column":8},"end":{"line":791,"column":57}},"115":{"start":{"line":792,"column":8},"end":{"line":792,"column":53}},"116":{"start":{"line":797,"column":8},"end":{"line":797,"column":56}},"117":{"start":{"line":799,"column":8},"end":{"line":799,"column":43}},"118":{"start":{"line":800,"column":8},"end":{"line":800,"column":48}},"119":{"start":{"line":804,"column":8},"end":{"line":804,"column":35}},"120":{"start":{"line":837,"column":8},"end":{"line":837,"column":19}},"121":{"start":{"line":838,"column":8},"end":{"line":838,"column":23}},"122":{"start":{"line":841,"column":8},"end":{"line":841,"column":55}},"123":{"start":{"line":842,"column":8},"end":{"line":842,"column":62}},"124":{"start":{"line":846,"column":8},"end":{"line":846,"column":21}},"125":{"start":{"line":854,"column":8},"end":{"line":854,"column":20}},"126":{"start":{"line":862,"column":8},"end":{"line":862,"column":22}},"127":{"start":{"line":871,"column":8},"end":{"line":871,"column":82}},"128":{"start":{"line":872,"column":8},"end":{"line":872,"column":37}},"129":{"start":{"line":874,"column":8},"end":{"line":874,"column":71}},"130":{"start":{"line":880,"column":8},"end":{"line":880,"column":34379}},"131":{"start":{"line":881,"column":12},"end":{"line":881,"column":22}},"132":{"start":{"line":883,"column":8},"end":{"line":883,"column":19}},"133":{"start":{"line":884,"column":8},"end":{"line":884,"column":16}},"134":{"start":{"line":886,"column":8},"end":{"line":886,"column":34476}},"135":{"start":{"line":888,"column":12},"end":{"line":888,"column":18}},"136":{"start":{"line":890,"column":8},"end":{"line":890,"column":42}},"137":{"start":{"line":891,"column":8},"end":{"line":891,"column":24}},"138":{"start":{"line":893,"column":8},"end":{"line":893,"column":34622}},"139":{"start":{"line":894,"column":12},"end":{"line":894,"column":48}},"140":{"start":{"line":895,"column":12},"end":{"line":895,"column":19}},"141":{"start":{"line":897,"column":8},"end":{"line":897,"column":27}},"142":{"start":{"line":909,"column":8},"end":{"line":909,"column":34}},"143":{"start":{"line":930,"column":8},"end":{"line":930,"column":55}},"144":{"start":{"line":939,"column":8},"end":{"line":939,"column":106}},"145":{"start":{"line":940,"column":8},"end":{"line":940,"column":21}},"146":{"start":{"line":954,"column":8},"end":{"line":954,"column":70}},"147":{"start":{"line":955,"column":8},"end":{"line":955,"column":34}},"148":{"start":{"line":962,"column":8},"end":{"line":962,"column":71}},"149":{"start":{"line":963,"column":8},"end":{"line":963,"column":35}},"150":{"start":{"line":971,"column":8},"end":{"line":971,"column":75}},"151":{"start":{"line":972,"column":8},"end":{"line":972,"column":35}},"152":{"start":{"line":985,"column":8},"end":{"line":985,"column":29}},"153":{"start":{"line":989,"column":8},"end":{"line":989,"column":88}},"154":{"start":{"line":994,"column":8},"end":{"line":994,"column":36}},"155":{"start":{"line":998,"column":8},"end":{"line":998,"column":26}},"156":{"start":{"line":1002,"column":8},"end":{"line":1002,"column":32}},"157":{"start":{"line":1006,"column":8},"end":{"line":1006,"column":28}},"158":{"start":{"line":1007,"column":8},"end":{"line":1007,"column":33}},"159":{"start":{"line":1011,"column":8},"end":{"line":1011,"column":31}},"160":{"start":{"line":1012,"column":8},"end":{"line":1012,"column":35}},"161":{"start":{"line":1034,"column":8},"end":{"line":1034,"column":22}},"162":{"start":{"line":1041,"column":8},"end":{"line":1041,"column":22}},"163":{"start":{"line":1048,"column":8},"end":{"line":1048,"column":44}},"164":{"start":{"line":1056,"column":8},"end":{"line":1056,"column":47}},"165":{"start":{"line":1064,"column":8},"end":{"line":1064,"column":21}},"166":{"start":{"line":1065,"column":8},"end":{"line":1065,"column":31}},"167":{"start":{"line":1072,"column":8},"end":{"line":1072,"column":22}},"168":{"start":{"line":1073,"column":8},"end":{"line":1073,"column":33}},"169":{"start":{"line":1095,"column":8},"end":{"line":1095,"column":55}},"170":{"start":{"line":1099,"column":8},"end":{"line":1099,"column":33}},"171":{"start":{"line":1103,"column":8},"end":{"line":1103,"column":44}},"172":{"start":{"line":1107,"column":8},"end":{"line":1107,"column":44}},"173":{"start":{"line":1120,"column":8},"end":{"line":1120,"column":28}},"174":{"start":{"line":1123,"column":8},"end":{"line":1123,"column":73}},"175":{"start":{"line":1127,"column":8},"end":{"line":1127,"column":21}},"176":{"start":{"line":1130,"column":8},"end":{"line":1130,"column":80}},"177":{"start":{"line":1131,"column":8},"end":{"line":1131,"column":26}},"178":{"start":{"line":1135,"column":8},"end":{"line":1135,"column":33}},"179":{"start":{"line":1136,"column":8},"end":{"line":1136,"column":24}},"180":{"start":{"line":1137,"column":8},"end":{"line":1137,"column":53}},"181":{"start":{"line":1149,"column":8},"end":{"line":1149,"column":23}},"182":{"start":{"line":1153,"column":8},"end":{"line":1153,"column":25}},"183":{"start":{"line":1157,"column":8},"end":{"line":1157,"column":76}},"184":{"start":{"line":1158,"column":8},"end":{"line":1158,"column":42224}},"185":{"start":{"line":1159,"column":12},"end":{"line":1159,"column":41}},"186":{"start":{"line":1165,"column":8},"end":{"line":1165,"column":64}},"187":{"start":{"line":1166,"column":8},"end":{"line":1166,"column":37}},"188":{"start":{"line":1171,"column":8},"end":{"line":1171,"column":91}},"189":{"start":{"line":1172,"column":8},"end":{"line":1172,"column":84}},"190":{"start":{"line":1174,"column":8},"end":{"line":1174,"column":42811}},"191":{"start":{"line":1175,"column":12},"end":{"line":1175,"column":42865}},"192":{"start":{"line":1176,"column":16},"end":{"line":1176,"column":45}},"193":{"start":{"line":1183,"column":8},"end":{"line":1183,"column":47}},"194":{"start":{"line":1184,"column":8},"end":{"line":1184,"column":34}}},"branchMap":{"1":{"line":100,"type":"if","locations":[{"start":{"line":100,"column":8},"end":{"line":100,"column":8}},{"start":{"line":100,"column":8},"end":{"line":100,"column":8}}]},"2":{"line":116,"type":"if","locations":[{"start":{"line":116,"column":8},"end":{"line":116,"column":8}},{"start":{"line":116,"column":8},"end":{"line":116,"column":8}}]},"3":{"line":146,"type":"if","locations":[{"start":{"line":146,"column":8},"end":{"line":146,"column":8}},{"start":{"line":146,"column":8},"end":{"line":146,"column":8}}]},"4":{"line":165,"type":"if","locations":[{"start":{"line":165,"column":8},"end":{"line":165,"column":8}},{"start":{"line":165,"column":8},"end":{"line":165,"column":8}}]},"5":{"line":170,"type":"if","locations":[{"start":{"line":170,"column":8},"end":{"line":170,"column":8}},{"start":{"line":170,"column":8},"end":{"line":170,"column":8}}]},"6":{"line":205,"type":"if","locations":[{"start":{"line":205,"column":8},"end":{"line":205,"column":8}},{"start":{"line":205,"column":8},"end":{"line":205,"column":8}}]},"7":{"line":241,"type":"if","locations":[{"start":{"line":241,"column":8},"end":{"line":241,"column":8}},{"start":{"line":241,"column":8},"end":{"line":241,"column":8}}]},"8":{"line":355,"type":"if","locations":[{"start":{"line":355,"column":8},"end":{"line":355,"column":8}},{"start":{"line":355,"column":8},"end":{"line":355,"column":8}}]},"9":{"line":367,"type":"if","locations":[{"start":{"line":367,"column":8},"end":{"line":367,"column":8}},{"start":{"line":367,"column":8},"end":{"line":367,"column":8}}]},"10":{"line":382,"type":"if","locations":[{"start":{"line":382,"column":8},"end":{"line":382,"column":8}},{"start":{"line":382,"column":8},"end":{"line":382,"column":8}}]},"11":{"line":384,"type":"if","locations":[{"start":{"line":384,"column":8},"end":{"line":384,"column":8}},{"start":{"line":384,"column":8},"end":{"line":384,"column":8}}]},"12":{"line":399,"type":"if","locations":[{"start":{"line":399,"column":8},"end":{"line":399,"column":8}},{"start":{"line":399,"column":8},"end":{"line":399,"column":8}}]},"13":{"line":411,"type":"if","locations":[{"start":{"line":411,"column":8},"end":{"line":411,"column":8}},{"start":{"line":411,"column":8},"end":{"line":411,"column":8}}]},"14":{"line":437,"type":"if","locations":[{"start":{"line":437,"column":8},"end":{"line":437,"column":8}},{"start":{"line":437,"column":8},"end":{"line":437,"column":8}}]},"15":{"line":471,"type":"if","locations":[{"start":{"line":471,"column":8},"end":{"line":471,"column":8}},{"start":{"line":471,"column":8},"end":{"line":471,"column":8}}]},"16":{"line":492,"type":"if","locations":[{"start":{"line":492,"column":8},"end":{"line":492,"column":8}},{"start":{"line":492,"column":8},"end":{"line":492,"column":8}}]},"17":{"line":504,"type":"if","locations":[{"start":{"line":504,"column":8},"end":{"line":504,"column":8}},{"start":{"line":504,"column":8},"end":{"line":504,"column":8}}]},"18":{"line":505,"type":"if","locations":[{"start":{"line":505,"column":8},"end":{"line":505,"column":8}},{"start":{"line":505,"column":8},"end":{"line":505,"column":8}}]},"19":{"line":521,"type":"if","locations":[{"start":{"line":521,"column":8},"end":{"line":521,"column":8}},{"start":{"line":521,"column":8},"end":{"line":521,"column":8}}]},"20":{"line":548,"type":"if","locations":[{"start":{"line":548,"column":8},"end":{"line":548,"column":8}},{"start":{"line":548,"column":8},"end":{"line":548,"column":8}}]},"21":{"line":549,"type":"if","locations":[{"start":{"line":549,"column":8},"end":{"line":549,"column":8}},{"start":{"line":549,"column":8},"end":{"line":549,"column":8}}]},"22":{"line":578,"type":"if","locations":[{"start":{"line":578,"column":8},"end":{"line":578,"column":8}},{"start":{"line":578,"column":8},"end":{"line":578,"column":8}}]},"23":{"line":586,"type":"if","locations":[{"start":{"line":586,"column":8},"end":{"line":586,"column":8}},{"start":{"line":586,"column":8},"end":{"line":586,"column":8}}]},"24":{"line":593,"type":"if","locations":[{"start":{"line":593,"column":8},"end":{"line":593,"column":8}},{"start":{"line":593,"column":8},"end":{"line":593,"column":8}}]},"25":{"line":605,"type":"if","locations":[{"start":{"line":605,"column":8},"end":{"line":605,"column":8}},{"start":{"line":605,"column":8},"end":{"line":605,"column":8}}]},"26":{"line":655,"type":"if","locations":[{"start":{"line":655,"column":8},"end":{"line":655,"column":8}},{"start":{"line":655,"column":8},"end":{"line":655,"column":8}}]},"27":{"line":674,"type":"if","locations":[{"start":{"line":674,"column":8},"end":{"line":674,"column":8}},{"start":{"line":674,"column":8},"end":{"line":674,"column":8}}]},"28":{"line":768,"type":"if","locations":[{"start":{"line":768,"column":8},"end":{"line":768,"column":8}},{"start":{"line":768,"column":8},"end":{"line":768,"column":8}}]},"29":{"line":871,"type":"if","locations":[{"start":{"line":871,"column":8},"end":{"line":871,"column":8}},{"start":{"line":871,"column":8},"end":{"line":871,"column":8}}]},"30":{"line":880,"type":"if","locations":[{"start":{"line":880,"column":8},"end":{"line":880,"column":8}},{"start":{"line":880,"column":8},"end":{"line":880,"column":8}}]},"31":{"line":939,"type":"if","locations":[{"start":{"line":939,"column":8},"end":{"line":939,"column":8}},{"start":{"line":939,"column":8},"end":{"line":939,"column":8}}]},"32":{"line":954,"type":"if","locations":[{"start":{"line":954,"column":8},"end":{"line":954,"column":8}},{"start":{"line":954,"column":8},"end":{"line":954,"column":8}}]},"33":{"line":962,"type":"if","locations":[{"start":{"line":962,"column":8},"end":{"line":962,"column":8}},{"start":{"line":962,"column":8},"end":{"line":962,"column":8}}]},"34":{"line":971,"type":"if","locations":[{"start":{"line":971,"column":8},"end":{"line":971,"column":8}},{"start":{"line":971,"column":8},"end":{"line":971,"column":8}}]},"35":{"line":989,"type":"if","locations":[{"start":{"line":989,"column":8},"end":{"line":989,"column":8}},{"start":{"line":989,"column":8},"end":{"line":989,"column":8}}]},"36":{"line":1048,"type":"if","locations":[{"start":{"line":1048,"column":8},"end":{"line":1048,"column":8}},{"start":{"line":1048,"column":8},"end":{"line":1048,"column":8}}]},"37":{"line":1056,"type":"if","locations":[{"start":{"line":1056,"column":8},"end":{"line":1056,"column":8}},{"start":{"line":1056,"column":8},"end":{"line":1056,"column":8}}]},"38":{"line":1123,"type":"if","locations":[{"start":{"line":1123,"column":8},"end":{"line":1123,"column":8}},{"start":{"line":1123,"column":8},"end":{"line":1123,"column":8}}]},"39":{"line":1130,"type":"if","locations":[{"start":{"line":1130,"column":8},"end":{"line":1130,"column":8}},{"start":{"line":1130,"column":8},"end":{"line":1130,"column":8}}]},"40":{"line":1157,"type":"if","locations":[{"start":{"line":1157,"column":8},"end":{"line":1157,"column":8}},{"start":{"line":1157,"column":8},"end":{"line":1157,"column":8}}]},"41":{"line":1165,"type":"if","locations":[{"start":{"line":1165,"column":8},"end":{"line":1165,"column":8}},{"start":{"line":1165,"column":8},"end":{"line":1165,"column":8}}]},"42":{"line":1171,"type":"if","locations":[{"start":{"line":1171,"column":8},"end":{"line":1171,"column":8}},{"start":{"line":1171,"column":8},"end":{"line":1171,"column":8}}]},"43":{"line":1172,"type":"if","locations":[{"start":{"line":1172,"column":8},"end":{"line":1172,"column":8}},{"start":{"line":1172,"column":8},"end":{"line":1172,"column":8}}]},"44":{"line":1175,"type":"if","locations":[{"start":{"line":1175,"column":12},"end":{"line":1175,"column":12}},{"start":{"line":1175,"column":12},"end":{"line":1175,"column":12}}]}}}}
